\BOOKMARK [0][-]{chapter.1}{\376\377\0001\000\040\000C\000h\000a\000n\000g\000e\000l\000o\000g}{}% 1
\BOOKMARK [1][-]{section.1.1}{\376\377\0001\000.\0001\000\040\000A\000l\000p\000h\000a\000\040\000P\000h\000a\000s\000e}{chapter.1}% 2
\BOOKMARK [2][-]{subsection.1.1.1}{\376\377\0001\000.\0001\000.\0001\000\040\0003\000.\0001\000.\0000\000a\000\040\000\050\000U\000n\000r\000e\000l\000e\000a\000s\000e\000d\000\051}{section.1.1}% 3
\BOOKMARK [2][-]{subsection.1.1.2}{\376\377\0001\000.\0001\000.\0002\000\040\0003\000.\0000\000.\0000\000a\000\040\000\050\000N\000o\000v\000e\000m\000b\000e\000r\000\040\0002\0009\000,\000\040\0002\0000\0002\0002\000\051}{section.1.1}% 4
\BOOKMARK [2][-]{subsection.1.1.3}{\376\377\0001\000.\0001\000.\0003\000\040\0002\000.\0002\000.\0000\000a\000\040\000\050\000S\000e\000p\000t\000e\000m\000b\000e\000r\000\040\0001\0001\000,\000\040\0002\0000\0002\0001\000\051}{section.1.1}% 5
\BOOKMARK [2][-]{subsection.1.1.4}{\376\377\0001\000.\0001\000.\0004\000\040\0002\000.\0001\000.\0000\000a\000\040\000\050\000S\000e\000p\000t\000e\000m\000b\000e\000r\000\040\0001\000,\000\040\0002\0000\0002\0001\000\051}{section.1.1}% 6
\BOOKMARK [2][-]{subsection.1.1.5}{\376\377\0001\000.\0001\000.\0005\000\040\0002\000.\0000\000.\0000\000a\000\040\000\050\000J\000u\000n\000e\000\040\0002\0003\000,\000\040\0002\0000\0002\0001\000\051}{section.1.1}% 7
\BOOKMARK [0][-]{chapter.2}{\376\377\0002\000\040\000<\000i\000m\000g\000\040\000s\000r\000c\000=\000`\000\250\000h\000t\000t\000p\000s\000:\000/\000/\000g\000i\000t\000h\000u\000b\000.\000c\000o\000m\000/\000h\000u\000n\000t\000e\000r\000m\000a\000l\000m\000/\000L\000a\000y\000e\000r\000s\000/\000b\000l\000o\000b\000/\000m\000a\000i\000n\000/\000s\000v\000g\000s\000/\000l\000a\000y\000e\000r\000s\000\137\000l\000o\000g\000o\000\137\000w\000\137\000t\000e\000x\000t\000.\000s\000v\000g\000?\000r\000a\000w\000=\000t\000r\000u\000e\000`\000\250\000\040\000a\000l\000t\000=\000`\000\250\000l\000a\000y\000e\000r\000s\000\137\000l\000o\000g\000o\000`\000\250\000\040\000w\000i\000d\000t\000h\000=\000`\000\250\0005\0000\0000\000`\000\250\000/\000>}{}% 8
\BOOKMARK [1][-]{section.2.1}{\376\377\0002\000.\0001\000\040\000D\000e\000m\000o}{chapter.2}% 9
\BOOKMARK [1][-]{section.2.2}{\376\377\0002\000.\0002\000\040\000D\000e\000v\000e\000l\000o\000p\000m\000e\000n\000t\000\040\000a\000n\000d\000\040\000T\000e\000s\000t\000i\000n\000g}{chapter.2}% 10
\BOOKMARK [2][-]{subsubsection.2.2.0.1}{\376\377\0002\000.\0002\000.\0000\000.\0001\000\040\000D\000o\000c\000u\000m\000e\000n\000t\000a\000t\000i\000o\000n}{section.2.2}% 11
\BOOKMARK [3][-]{subsubsection.2.2.0.2}{\376\377\0002\000.\0002\000.\0000\000.\0002\000\040\000P\000r\000o\000j\000e\000c\000t\000\040\000G\000o\000a\000l\000s}{subsubsection.2.2.0.1}% 12
\BOOKMARK [1][-]{section.2.3}{\376\377\0002\000.\0003\000\040\000I\000n\000s\000t\000a\000l\000l\000a\000t\000i\000o\000n}{chapter.2}% 13
\BOOKMARK [1][-]{section.2.4}{\376\377\0002\000.\0004\000\040\000D\000o\000w\000n\000l\000o\000a\000d}{chapter.2}% 14
\BOOKMARK [1][-]{section.2.5}{\376\377\0002\000.\0005\000\040\000A\000u\000t\000h\000o\000r\000s}{chapter.2}% 15
\BOOKMARK [1][-]{section.2.6}{\376\377\0002\000.\0006\000\040\000L\000i\000c\000e\000n\000s\000e}{chapter.2}% 16
\BOOKMARK [0][-]{chapter.3}{\376\377\0003\000\040\000H\000i\000e\000r\000a\000r\000c\000h\000i\000c\000a\000l\000\040\000I\000n\000d\000e\000x}{}% 17
\BOOKMARK [1][-]{section.3.1}{\376\377\0003\000.\0001\000\040\000C\000l\000a\000s\000s\000\040\000H\000i\000e\000r\000a\000r\000c\000h\000y}{chapter.3}% 18
\BOOKMARK [0][-]{chapter.4}{\376\377\0004\000\040\000C\000l\000a\000s\000s\000\040\000I\000n\000d\000e\000x}{}% 19
\BOOKMARK [1][-]{section.4.1}{\376\377\0004\000.\0001\000\040\000C\000l\000a\000s\000s\000\040\000L\000i\000s\000t}{chapter.4}% 20
\BOOKMARK [0][-]{chapter.5}{\376\377\0005\000\040\000F\000i\000l\000e\000\040\000I\000n\000d\000e\000x}{}% 21
\BOOKMARK [1][-]{section.5.1}{\376\377\0005\000.\0001\000\040\000F\000i\000l\000e\000\040\000L\000i\000s\000t}{chapter.5}% 22
\BOOKMARK [0][-]{chapter.6}{\376\377\0006\000\040\000C\000l\000a\000s\000s\000\040\000D\000o\000c\000u\000m\000e\000n\000t\000a\000t\000i\000o\000n}{}% 23
\BOOKMARK [1][-]{section.6.1}{\376\377\0006\000.\0001\000\040\000L\000a\000y\000e\000r\000s\000:\000:\000A\000p\000p\000l\000i\000c\000a\000t\000i\000o\000n\000\040\000C\000l\000a\000s\000s\000\040\000R\000e\000f\000e\000r\000e\000n\000c\000e}{chapter.6}% 24
\BOOKMARK [2][-]{subsection.6.1.1}{\376\377\0006\000.\0001\000.\0001\000\040\000M\000e\000m\000b\000e\000r\000\040\000F\000u\000n\000c\000t\000i\000o\000n\000\040\000D\000o\000c\000u\000m\000e\000n\000t\000a\000t\000i\000o\000n}{section.6.1}% 25
\BOOKMARK [3][-]{subsubsection.6.1.1.1}{\376\377\0006\000.\0001\000.\0001\000.\0001\000\040\000a\000p\000p\000l\000y\000\137\000t\000h\000e\000m\000e\000\050\000\051}{subsection.6.1.1}% 26
\BOOKMARK [3][-]{subsubsection.6.1.1.2}{\376\377\0006\000.\0001\000.\0001\000.\0002\000\040\000c\000r\000e\000a\000t\000e\000\137\000t\000h\000e\000m\000e\000\050\000\051}{subsection.6.1.1}% 27
\BOOKMARK [3][-]{subsubsection.6.1.1.3}{\376\377\0006\000.\0001\000.\0001\000.\0003\000\040\000c\000u\000r\000r\000e\000n\000t\000\137\000t\000h\000e\000m\000e\000\050\000\051}{subsection.6.1.1}% 28
\BOOKMARK [3][-]{subsubsection.6.1.1.4}{\376\377\0006\000.\0001\000.\0001\000.\0004\000\040\000i\000c\000o\000n\000\137\000f\000i\000l\000e\000\050\000\051}{subsection.6.1.1}% 29
\BOOKMARK [3][-]{subsubsection.6.1.1.5}{\376\377\0006\000.\0001\000.\0001\000.\0005\000\040\000l\000o\000a\000d\000\137\000t\000h\000e\000m\000e\000\050\000\051}{subsection.6.1.1}% 30
\BOOKMARK [3][-]{subsubsection.6.1.1.6}{\376\377\0006\000.\0001\000.\0001\000.\0006\000\040\000n\000a\000m\000e\000\050\000\051}{subsection.6.1.1}% 31
\BOOKMARK [3][-]{subsubsection.6.1.1.7}{\376\377\0006\000.\0001\000.\0001\000.\0007\000\040\000r\000e\000a\000p\000p\000l\000y\000\137\000t\000h\000e\000m\000e\000\050\000\051}{subsection.6.1.1}% 32
\BOOKMARK [3][-]{subsubsection.6.1.1.8}{\376\377\0006\000.\0001\000.\0001\000.\0008\000\040\000r\000e\000n\000a\000m\000e\000\137\000t\000h\000e\000m\000e}{subsection.6.1.1}% 33
\BOOKMARK [3][-]{subsubsection.6.1.1.9}{\376\377\0006\000.\0001\000.\0001\000.\0009\000\040\000s\000a\000v\000e\000\137\000t\000h\000e\000m\000e\000\050\000\051}{subsection.6.1.1}% 34
\BOOKMARK [3][-]{subsubsection.6.1.1.10}{\376\377\0006\000.\0001\000.\0001\000.\0001\0000\000\040\000s\000e\000t\000t\000i\000n\000g\000s\000\050\000\051}{subsection.6.1.1}% 35
\BOOKMARK [3][-]{subsubsection.6.1.1.11}{\376\377\0006\000.\0001\000.\0001\000.\0001\0001\000\040\000s\000t\000o\000r\000e\000\137\000c\000h\000i\000l\000d\000\137\000t\000h\000e\000m\000e\000a\000b\000l\000e\000\137\000p\000o\000i\000n\000t\000e\000r\000\050\000\051}{subsection.6.1.1}% 36
\BOOKMARK [3][-]{subsubsection.6.1.1.12}{\376\377\0006\000.\0001\000.\0001\000.\0001\0002\000\040\000t\000h\000e\000m\000e\000\050\000\051}{subsection.6.1.1}% 37
\BOOKMARK [3][-]{subsubsection.6.1.1.13}{\376\377\0006\000.\0001\000.\0001\000.\0001\0003\000\040\000t\000h\000e\000m\000e\000s\000\050\000\051}{subsection.6.1.1}% 38
\BOOKMARK [3][-]{subsubsection.6.1.1.14}{\376\377\0006\000.\0001\000.\0001\000.\0001\0004\000\040\000u\000p\000d\000a\000t\000e\000\137\000a\000v\000a\000i\000l\000a\000b\000l\000e\000\050\000\051}{subsection.6.1.1}% 39
\BOOKMARK [3][-]{subsubsection.6.1.1.15}{\376\377\0006\000.\0001\000.\0001\000.\0001\0005\000\040\000u\000p\000d\000a\000t\000e\000\137\000o\000n\000\137\000r\000e\000q\000u\000e\000s\000t\000\050\000\051}{subsection.6.1.1}% 40
\BOOKMARK [1][-]{section.6.2}{\376\377\0006\000.\0002\000\040\000L\000a\000y\000e\000r\000s\000:\000:\000A\000p\000p\000P\000r\000e\000f\000e\000r\000e\000n\000c\000e\000s\000S\000e\000t\000t\000i\000n\000g\000s\000P\000a\000n\000e\000l\000\040\000C\000l\000a\000s\000s\000\040\000R\000e\000f\000e\000r\000e\000n\000c\000e}{chapter.6}% 41
\BOOKMARK [1][-]{section.6.3}{\376\377\0006\000.\0003\000\040\000L\000a\000y\000e\000r\000s\000:\000:\000A\000t\000t\000r\000i\000b\000u\000t\000e\000\040\000C\000l\000a\000s\000s\000\040\000R\000e\000f\000e\000r\000e\000n\000c\000e}{chapter.6}% 42
\BOOKMARK [2][-]{subsection.6.3.1}{\376\377\0006\000.\0003\000.\0001\000\040\000D\000e\000t\000a\000i\000l\000e\000d\000\040\000D\000e\000s\000c\000r\000i\000p\000t\000i\000o\000n}{section.6.3}% 43
\BOOKMARK [2][-]{subsection.6.3.2}{\376\377\0006\000.\0003\000.\0002\000\040\000M\000e\000m\000b\000e\000r\000\040\000F\000u\000n\000c\000t\000i\000o\000n\000\040\000D\000o\000c\000u\000m\000e\000n\000t\000a\000t\000i\000o\000n}{section.6.3}% 44
\BOOKMARK [3][-]{subsubsection.6.3.2.1}{\376\377\0006\000.\0003\000.\0002\000.\0001\000\040\000a\000s\000\050\000\051\000\040\000[\0001\000/\0002\000]}{subsection.6.3.2}% 45
\BOOKMARK [3][-]{subsubsection.6.3.2.2}{\376\377\0006\000.\0003\000.\0002\000.\0002\000\040\000a\000s\000\050\000\051\000\040\000[\0002\000/\0002\000]}{subsection.6.3.2}% 46
\BOOKMARK [3][-]{subsubsection.6.3.2.3}{\376\377\0006\000.\0003\000.\0002\000.\0003\000\040\000c\000l\000e\000a\000r\000\137\000d\000a\000t\000a\000\137\000i\000f\000\137\000o\000w\000n\000e\000r\000\050\000\051}{subsection.6.3.2}% 47
\BOOKMARK [3][-]{subsubsection.6.3.2.4}{\376\377\0006\000.\0003\000.\0002\000.\0004\000\040\000c\000o\000n\000t\000a\000i\000n\000s\000\137\000s\000t\000a\000t\000e\000\050\000\051}{subsection.6.3.2}% 48
\BOOKMARK [3][-]{subsubsection.6.3.2.5}{\376\377\0006\000.\0003\000.\0002\000.\0005\000\040\000c\000o\000p\000y\000\050\000\051}{subsection.6.3.2}% 49
\BOOKMARK [3][-]{subsubsection.6.3.2.6}{\376\377\0006\000.\0003\000.\0002\000.\0006\000\040\000e\000n\000t\000a\000n\000g\000l\000e\000\137\000w\000i\000t\000h\000\050\000\051}{subsection.6.3.2}% 50
\BOOKMARK [3][-]{subsubsection.6.3.2.7}{\376\377\0006\000.\0003\000.\0002\000.\0007\000\040\000e\000s\000t\000a\000b\000l\000i\000s\000h\000\137\000d\000a\000t\000a\000\137\000c\000o\000n\000n\000e\000c\000t\000i\000o\000n\000\050\000\051}{subsection.6.3.2}% 51
\BOOKMARK [3][-]{subsubsection.6.3.2.8}{\376\377\0006\000.\0003\000.\0002\000.\0008\000\040\000i\000n\000i\000t\000\137\000v\000a\000r\000i\000a\000n\000t\000\137\000m\000a\000p\000\050\000\051}{subsection.6.3.2}% 52
\BOOKMARK [3][-]{subsubsection.6.3.2.9}{\376\377\0006\000.\0003\000.\0002\000.\0009\000\040\000i\000s\000\137\000s\000t\000a\000t\000e\000f\000u\000l\000\050\000\051}{subsection.6.3.2}% 53
\BOOKMARK [3][-]{subsubsection.6.3.2.10}{\376\377\0006\000.\0003\000.\0002\000.\0001\0000\000\040\000o\000w\000n\000s\000\137\000d\000a\000t\000a\000\050\000\051}{subsection.6.3.2}% 54
\BOOKMARK [3][-]{subsubsection.6.3.2.11}{\376\377\0006\000.\0003\000.\0002\000.\0001\0001\000\040\000s\000e\000t\000\137\000s\000t\000a\000t\000e\000\050\000\051}{subsection.6.3.2}% 55
\BOOKMARK [3][-]{subsubsection.6.3.2.12}{\376\377\0006\000.\0003\000.\0002\000.\0001\0002\000\040\000s\000e\000t\000\137\000v\000a\000l\000u\000e\000\050\000\051\000\040\000[\0001\000/\0002\000]}{subsection.6.3.2}% 56
\BOOKMARK [3][-]{subsubsection.6.3.2.13}{\376\377\0006\000.\0003\000.\0002\000.\0001\0003\000\040\000s\000e\000t\000\137\000v\000a\000l\000u\000e\000\050\000\051\000\040\000[\0002\000/\0002\000]}{subsection.6.3.2}% 57
\BOOKMARK [3][-]{subsubsection.6.3.2.14}{\376\377\0006\000.\0003\000.\0002\000.\0001\0004\000\040\000s\000e\000t\000u\000p\000\137\000w\000i\000d\000g\000e\000t\000\137\000u\000p\000d\000a\000t\000e\000\137\000c\000o\000n\000n\000e\000c\000t\000i\000o\000n\000\050\000\051}{subsection.6.3.2}% 58
\BOOKMARK [3][-]{subsubsection.6.3.2.15}{\376\377\0006\000.\0003\000.\0002\000.\0001\0005\000\040\000s\000t\000a\000t\000e\000\050\000\051}{subsection.6.3.2}% 59
\BOOKMARK [3][-]{subsubsection.6.3.2.16}{\376\377\0006\000.\0003\000.\0002\000.\0001\0006\000\040\000s\000t\000a\000t\000e\000s\000\050\000\051}{subsection.6.3.2}% 60
\BOOKMARK [3][-]{subsubsection.6.3.2.17}{\376\377\0006\000.\0003\000.\0002\000.\0001\0007\000\040\000t\000o\000\137\000j\000s\000o\000n\000\137\000o\000b\000j\000e\000c\000t\000\050\000\051}{subsection.6.3.2}% 61
\BOOKMARK [3][-]{subsubsection.6.3.2.18}{\376\377\0006\000.\0003\000.\0002\000.\0001\0008\000\040\000t\000y\000p\000e\000N\000a\000m\000e\000\050\000\051}{subsection.6.3.2}% 62
\BOOKMARK [1][-]{section.6.4}{\376\377\0006\000.\0004\000\040\000L\000a\000y\000e\000r\000s\000:\000:\000A\000t\000t\000r\000i\000b\000u\000t\000e\000G\000r\000o\000u\000p\000\040\000C\000l\000a\000s\000s\000\040\000R\000e\000f\000e\000r\000e\000n\000c\000e}{chapter.6}% 63
\BOOKMARK [2][-]{subsection.6.4.1}{\376\377\0006\000.\0004\000.\0001\000\040\000D\000e\000t\000a\000i\000l\000e\000d\000\040\000D\000e\000s\000c\000r\000i\000p\000t\000i\000o\000n}{section.6.4}% 64
\BOOKMARK [2][-]{subsection.6.4.2}{\376\377\0006\000.\0004\000.\0002\000\040\000M\000e\000m\000b\000e\000r\000\040\000F\000u\000n\000c\000t\000i\000o\000n\000\040\000D\000o\000c\000u\000m\000e\000n\000t\000a\000t\000i\000o\000n}{section.6.4}% 65
\BOOKMARK [3][-]{subsubsection.6.4.2.1}{\376\377\0006\000.\0004\000.\0002\000.\0001\000\040\000a\000t\000t\000r\000i\000b\000u\000t\000e\000s\000\050\000\051}{subsection.6.4.2}% 66
\BOOKMARK [3][-]{subsubsection.6.4.2.2}{\376\377\0006\000.\0004\000.\0002\000.\0002\000\040\000c\000o\000p\000y\000\050\000\051}{subsection.6.4.2}% 67
\BOOKMARK [3][-]{subsubsection.6.4.2.3}{\376\377\0006\000.\0004\000.\0002\000.\0003\000\040\000e\000n\000t\000a\000n\000g\000l\000e\000\137\000w\000i\000t\000h\000\050\000\051}{subsection.6.4.2}% 68
\BOOKMARK [3][-]{subsubsection.6.4.2.4}{\376\377\0006\000.\0004\000.\0002\000.\0004\000\040\000i\000s\000\137\000s\000t\000a\000t\000e\000f\000u\000l\000\050\000\051}{subsection.6.4.2}% 69
\BOOKMARK [3][-]{subsubsection.6.4.2.5}{\376\377\0006\000.\0004\000.\0002\000.\0005\000\040\000s\000e\000t\000\137\000s\000t\000a\000t\000e\000\050\000\051}{subsection.6.4.2}% 70
\BOOKMARK [3][-]{subsubsection.6.4.2.6}{\376\377\0006\000.\0004\000.\0002\000.\0006\000\040\000s\000e\000t\000u\000p\000\137\000w\000i\000d\000g\000e\000t\000\137\000u\000p\000d\000a\000t\000e\000\137\000c\000o\000n\000n\000e\000c\000t\000i\000o\000n\000\050\000\051}{subsection.6.4.2}% 71
\BOOKMARK [3][-]{subsubsection.6.4.2.7}{\376\377\0006\000.\0004\000.\0002\000.\0007\000\040\000t\000o\000\137\000j\000s\000o\000n\000\137\000o\000b\000j\000e\000c\000t\000\050\000\051}{subsection.6.4.2}% 72
\BOOKMARK [1][-]{section.6.5}{\376\377\0006\000.\0005\000\040\000L\000a\000y\000e\000r\000s\000:\000:\000A\000t\000t\000r\000i\000b\000u\000t\000e\000S\000e\000t\000\040\000C\000l\000a\000s\000s\000\040\000R\000e\000f\000e\000r\000e\000n\000c\000e}{chapter.6}% 73
\BOOKMARK [1][-]{section.6.6}{\376\377\0006\000.\0006\000\040\000L\000a\000y\000e\000r\000s\000:\000:\000A\000t\000t\000r\000i\000b\000u\000t\000e\000T\000y\000p\000e\000\040\000C\000l\000a\000s\000s\000\040\000R\000e\000f\000e\000r\000e\000n\000c\000e}{chapter.6}% 74
\BOOKMARK [2][-]{subsection.6.6.1}{\376\377\0006\000.\0006\000.\0001\000\040\000D\000e\000t\000a\000i\000l\000e\000d\000\040\000D\000e\000s\000c\000r\000i\000p\000t\000i\000o\000n}{section.6.6}% 75
\BOOKMARK [2][-]{subsection.6.6.2}{\376\377\0006\000.\0006\000.\0002\000\040\000M\000e\000m\000b\000e\000r\000\040\000F\000u\000n\000c\000t\000i\000o\000n\000\040\000D\000o\000c\000u\000m\000e\000n\000t\000a\000t\000i\000o\000n}{section.6.6}% 76
\BOOKMARK [3][-]{subsubsection.6.6.2.1}{\376\377\0006\000.\0006\000.\0002\000.\0001\000\040\000c\000a\000p\000i\000t\000a\000l\000i\000z\000e\000d\000\137\000n\000a\000m\000e\000\050\000\051}{subsection.6.6.2}% 77
\BOOKMARK [3][-]{subsubsection.6.6.2.2}{\376\377\0006\000.\0006\000.\0002\000.\0002\000\040\000d\000i\000s\000a\000b\000l\000e\000d\000\050\000\051}{subsection.6.6.2}% 78
\BOOKMARK [3][-]{subsubsection.6.6.2.3}{\376\377\0006\000.\0006\000.\0002\000.\0003\000\040\000i\000s\000\137\000s\000t\000a\000t\000e\000f\000u\000l\000\050\000\051}{subsection.6.6.2}% 79
\BOOKMARK [3][-]{subsubsection.6.6.2.4}{\376\377\0006\000.\0006\000.\0002\000.\0004\000\040\000n\000a\000m\000e\000\050\000\051}{subsection.6.6.2}% 80
\BOOKMARK [3][-]{subsubsection.6.6.2.5}{\376\377\0006\000.\0006\000.\0002\000.\0005\000\040\000s\000e\000t\000\137\000d\000i\000s\000a\000b\000l\000e\000d\000\050\000\051}{subsection.6.6.2}% 81
\BOOKMARK [3][-]{subsubsection.6.6.2.6}{\376\377\0006\000.\0006\000.\0002\000.\0006\000\040\000s\000e\000t\000\137\000s\000t\000a\000t\000e\000\050\000\051}{subsection.6.6.2}% 82
\BOOKMARK [1][-]{section.6.7}{\376\377\0006\000.\0007\000\040\000L\000a\000y\000e\000r\000s\000:\000:\000A\000t\000t\000r\000i\000b\000u\000t\000e\000W\000i\000d\000g\000e\000t\000\040\000C\000l\000a\000s\000s\000\040\000R\000e\000f\000e\000r\000e\000n\000c\000e}{chapter.6}% 83
\BOOKMARK [1][-]{section.6.8}{\376\377\0006\000.\0008\000\040\000L\000a\000y\000e\000r\000s\000:\000:\000A\000W\000G\000r\000o\000u\000p\000\040\000C\000l\000a\000s\000s\000\040\000R\000e\000f\000e\000r\000e\000n\000c\000e}{chapter.6}% 84
\BOOKMARK [2][-]{subsection.6.8.1}{\376\377\0006\000.\0008\000.\0001\000\040\000M\000e\000m\000b\000e\000r\000\040\000F\000u\000n\000c\000t\000i\000o\000n\000\040\000D\000o\000c\000u\000m\000e\000n\000t\000a\000t\000i\000o\000n}{section.6.8}% 85
\BOOKMARK [3][-]{subsubsection.6.8.1.1}{\376\377\0006\000.\0008\000.\0001\000.\0001\000\040\000i\000n\000i\000t\000\137\000c\000h\000i\000l\000d\000\137\000t\000h\000e\000m\000e\000a\000b\000l\000e\000\137\000r\000e\000f\000e\000r\000e\000n\000c\000e\000\137\000l\000i\000s\000t\000\050\000\051}{subsection.6.8.1}% 86
\BOOKMARK [1][-]{section.6.9}{\376\377\0006\000.\0009\000\040\000L\000a\000y\000e\000r\000s\000:\000:\000B\000o\000r\000d\000e\000r\000A\000t\000t\000r\000i\000b\000u\000t\000e\000s\000\040\000C\000l\000a\000s\000s\000\040\000R\000e\000f\000e\000r\000e\000n\000c\000e}{chapter.6}% 87
\BOOKMARK [2][-]{subsection.6.9.1}{\376\377\0006\000.\0009\000.\0001\000\040\000M\000e\000m\000b\000e\000r\000\040\000D\000a\000t\000a\000\040\000D\000o\000c\000u\000m\000e\000n\000t\000a\000t\000i\000o\000n}{section.6.9}% 88
\BOOKMARK [3][-]{subsubsection.6.9.1.1}{\376\377\0006\000.\0009\000.\0001\000.\0001\000\040\000f\000i\000l\000l}{subsection.6.9.1}% 89
\BOOKMARK [3][-]{subsubsection.6.9.1.2}{\376\377\0006\000.\0009\000.\0001\000.\0002\000\040\000t\000h\000i\000c\000k\000n\000e\000s\000s}{subsection.6.9.1}% 90
\BOOKMARK [1][-]{section.6.10}{\376\377\0006\000.\0001\0000\000\040\000L\000a\000y\000e\000r\000s\000:\000:\000B\000u\000t\000t\000o\000n\000\040\000C\000l\000a\000s\000s\000\040\000R\000e\000f\000e\000r\000e\000n\000c\000e}{chapter.6}% 91
\BOOKMARK [2][-]{subsection.6.10.1}{\376\377\0006\000.\0001\0000\000.\0001\000\040\000M\000e\000m\000b\000e\000r\000\040\000F\000u\000n\000c\000t\000i\000o\000n\000\040\000D\000o\000c\000u\000m\000e\000n\000t\000a\000t\000i\000o\000n}{section.6.10}% 92
\BOOKMARK [3][-]{subsubsection.6.10.1.1}{\376\377\0006\000.\0001\0000\000.\0001\000.\0001\000\040\000i\000n\000i\000t\000\137\000c\000h\000i\000l\000d\000\137\000t\000h\000e\000m\000e\000a\000b\000l\000e\000\137\000r\000e\000f\000e\000r\000e\000n\000c\000e\000\137\000l\000i\000s\000t\000\050\000\051}{subsection.6.10.1}% 93
\BOOKMARK [1][-]{section.6.11}{\376\377\0006\000.\0001\0001\000\040\000L\000a\000y\000e\000r\000s\000:\000:\000C\000o\000l\000o\000r\000A\000W\000\040\000C\000l\000a\000s\000s\000\040\000R\000e\000f\000e\000r\000e\000n\000c\000e}{chapter.6}% 94
\BOOKMARK [2][-]{subsection.6.11.1}{\376\377\0006\000.\0001\0001\000.\0001\000\040\000M\000e\000m\000b\000e\000r\000\040\000F\000u\000n\000c\000t\000i\000o\000n\000\040\000D\000o\000c\000u\000m\000e\000n\000t\000a\000t\000i\000o\000n}{section.6.11}% 95
\BOOKMARK [3][-]{subsubsection.6.11.1.1}{\376\377\0006\000.\0001\0001\000.\0001\000.\0001\000\040\000i\000n\000i\000t\000\137\000c\000h\000i\000l\000d\000\137\000t\000h\000e\000m\000e\000a\000b\000l\000e\000\137\000r\000e\000f\000e\000r\000e\000n\000c\000e\000\137\000l\000i\000s\000t\000\050\000\051}{subsection.6.11.1}% 96
\BOOKMARK [1][-]{section.6.12}{\376\377\0006\000.\0001\0002\000\040\000L\000a\000y\000e\000r\000s\000:\000:\000C\000o\000l\000o\000r\000C\000o\000n\000t\000r\000o\000l\000\040\000C\000l\000a\000s\000s\000\040\000R\000e\000f\000e\000r\000e\000n\000c\000e}{chapter.6}% 97
\BOOKMARK [1][-]{section.6.13}{\376\377\0006\000.\0001\0003\000\040\000L\000a\000y\000e\000r\000s\000:\000:\000C\000o\000l\000o\000r\000D\000i\000a\000l\000o\000g\000\040\000C\000l\000a\000s\000s\000\040\000R\000e\000f\000e\000r\000e\000n\000c\000e}{chapter.6}% 98
\BOOKMARK [2][-]{subsection.6.13.1}{\376\377\0006\000.\0001\0003\000.\0001\000\040\000M\000e\000m\000b\000e\000r\000\040\000F\000u\000n\000c\000t\000i\000o\000n\000\040\000D\000o\000c\000u\000m\000e\000n\000t\000a\000t\000i\000o\000n}{section.6.13}% 99
\BOOKMARK [3][-]{subsubsection.6.13.1.1}{\376\377\0006\000.\0001\0003\000.\0001\000.\0001\000\040\000i\000n\000i\000t\000\137\000c\000h\000i\000l\000d\000\137\000t\000h\000e\000m\000e\000a\000b\000l\000e\000\137\000r\000e\000f\000e\000r\000e\000n\000c\000e\000\137\000l\000i\000s\000t\000\050\000\051}{subsection.6.13.1}% 100
\BOOKMARK [1][-]{section.6.14}{\376\377\0006\000.\0001\0004\000\040\000L\000a\000y\000e\000r\000s\000:\000:\000C\000o\000l\000o\000r\000P\000l\000a\000n\000e\000\040\000C\000l\000a\000s\000s\000\040\000R\000e\000f\000e\000r\000e\000n\000c\000e}{chapter.6}% 101
\BOOKMARK [1][-]{section.6.15}{\376\377\0006\000.\0001\0005\000\040\000L\000a\000y\000e\000r\000s\000:\000:\000C\000o\000m\000b\000o\000b\000o\000x\000\040\000C\000l\000a\000s\000s\000\040\000R\000e\000f\000e\000r\000e\000n\000c\000e}{chapter.6}% 102
\BOOKMARK [2][-]{subsection.6.15.1}{\376\377\0006\000.\0001\0005\000.\0001\000\040\000M\000e\000m\000b\000e\000r\000\040\000F\000u\000n\000c\000t\000i\000o\000n\000\040\000D\000o\000c\000u\000m\000e\000n\000t\000a\000t\000i\000o\000n}{section.6.15}% 103
\BOOKMARK [3][-]{subsubsection.6.15.1.1}{\376\377\0006\000.\0001\0005\000.\0001\000.\0001\000\040\000i\000n\000i\000t\000\137\000c\000h\000i\000l\000d\000\137\000t\000h\000e\000m\000e\000a\000b\000l\000e\000\137\000r\000e\000f\000e\000r\000e\000n\000c\000e\000\137\000l\000i\000s\000t\000\050\000\051}{subsection.6.15.1}% 104
\BOOKMARK [1][-]{section.6.16}{\376\377\0006\000.\0001\0006\000\040\000L\000a\000y\000e\000r\000s\000:\000:\000C\000o\000m\000b\000o\000b\000o\000x\000I\000t\000e\000m\000\040\000C\000l\000a\000s\000s\000\040\000R\000e\000f\000e\000r\000e\000n\000c\000e}{chapter.6}% 105
\BOOKMARK [2][-]{subsection.6.16.1}{\376\377\0006\000.\0001\0006\000.\0001\000\040\000M\000e\000m\000b\000e\000r\000\040\000F\000u\000n\000c\000t\000i\000o\000n\000\040\000D\000o\000c\000u\000m\000e\000n\000t\000a\000t\000i\000o\000n}{section.6.16}% 106
\BOOKMARK [3][-]{subsubsection.6.16.1.1}{\376\377\0006\000.\0001\0006\000.\0001\000.\0001\000\040\000i\000n\000i\000t\000\137\000c\000h\000i\000l\000d\000\137\000t\000h\000e\000m\000e\000a\000b\000l\000e\000\137\000r\000e\000f\000e\000r\000e\000n\000c\000e\000\137\000l\000i\000s\000t\000\050\000\051}{subsection.6.16.1}% 107
\BOOKMARK [1][-]{section.6.17}{\376\377\0006\000.\0001\0007\000\040\000L\000a\000y\000e\000r\000s\000:\000:\000C\000o\000r\000n\000e\000r\000R\000a\000d\000i\000i\000A\000t\000t\000r\000i\000b\000u\000t\000e\000s\000\040\000C\000l\000a\000s\000s\000\040\000R\000e\000f\000e\000r\000e\000n\000c\000e}{chapter.6}% 108
\BOOKMARK [2][-]{subsection.6.17.1}{\376\377\0006\000.\0001\0007\000.\0001\000\040\000M\000e\000m\000b\000e\000r\000\040\000D\000a\000t\000a\000\040\000D\000o\000c\000u\000m\000e\000n\000t\000a\000t\000i\000o\000n}{section.6.17}% 109
\BOOKMARK [3][-]{subsubsection.6.17.1.1}{\376\377\0006\000.\0001\0007\000.\0001\000.\0001\000\040\000b\000o\000t\000t\000o\000m\000\137\000l\000e\000f\000t}{subsection.6.17.1}% 110
\BOOKMARK [3][-]{subsubsection.6.17.1.2}{\376\377\0006\000.\0001\0007\000.\0001\000.\0002\000\040\000b\000o\000t\000t\000o\000m\000\137\000r\000i\000g\000h\000t}{subsection.6.17.1}% 111
\BOOKMARK [3][-]{subsubsection.6.17.1.3}{\376\377\0006\000.\0001\0007\000.\0001\000.\0003\000\040\000t\000o\000p\000\137\000l\000e\000f\000t}{subsection.6.17.1}% 112
\BOOKMARK [3][-]{subsubsection.6.17.1.4}{\376\377\0006\000.\0001\0007\000.\0001\000.\0004\000\040\000t\000o\000p\000\137\000r\000i\000g\000h\000t}{subsection.6.17.1}% 113
\BOOKMARK [1][-]{section.6.18}{\376\377\0006\000.\0001\0008\000\040\000L\000a\000y\000e\000r\000s\000:\000:\000C\000o\000r\000n\000e\000r\000R\000a\000d\000i\000i\000A\000W\000\040\000C\000l\000a\000s\000s\000\040\000R\000e\000f\000e\000r\000e\000n\000c\000e}{chapter.6}% 114
\BOOKMARK [2][-]{subsection.6.18.1}{\376\377\0006\000.\0001\0008\000.\0001\000\040\000M\000e\000m\000b\000e\000r\000\040\000F\000u\000n\000c\000t\000i\000o\000n\000\040\000D\000o\000c\000u\000m\000e\000n\000t\000a\000t\000i\000o\000n}{section.6.18}% 115
\BOOKMARK [3][-]{subsubsection.6.18.1.1}{\376\377\0006\000.\0001\0008\000.\0001\000.\0001\000\040\000i\000n\000i\000t\000\137\000c\000h\000i\000l\000d\000\137\000t\000h\000e\000m\000e\000a\000b\000l\000e\000\137\000r\000e\000f\000e\000r\000e\000n\000c\000e\000\137\000l\000i\000s\000t\000\050\000\051}{subsection.6.18.1}% 116
\BOOKMARK [1][-]{section.6.19}{\376\377\0006\000.\0001\0009\000\040\000L\000a\000y\000e\000r\000s\000:\000:\000C\000r\000e\000a\000t\000e\000N\000e\000w\000T\000h\000e\000m\000e\000D\000i\000a\000l\000o\000g\000\040\000C\000l\000a\000s\000s\000\040\000R\000e\000f\000e\000r\000e\000n\000c\000e}{chapter.6}% 117
\BOOKMARK [2][-]{subsection.6.19.1}{\376\377\0006\000.\0001\0009\000.\0001\000\040\000M\000e\000m\000b\000e\000r\000\040\000F\000u\000n\000c\000t\000i\000o\000n\000\040\000D\000o\000c\000u\000m\000e\000n\000t\000a\000t\000i\000o\000n}{section.6.19}% 118
\BOOKMARK [3][-]{subsubsection.6.19.1.1}{\376\377\0006\000.\0001\0009\000.\0001\000.\0001\000\040\000i\000n\000i\000t\000\137\000c\000h\000i\000l\000d\000\137\000t\000h\000e\000m\000e\000a\000b\000l\000e\000\137\000r\000e\000f\000e\000r\000e\000n\000c\000e\000\137\000l\000i\000s\000t\000\050\000\051}{subsection.6.19.1}% 119
\BOOKMARK [1][-]{section.6.20}{\376\377\0006\000.\0002\0000\000\040\000L\000a\000y\000e\000r\000s\000:\000:\000C\000u\000s\000t\000o\000m\000i\000z\000e\000M\000e\000n\000u\000\040\000C\000l\000a\000s\000s\000\040\000R\000e\000f\000e\000r\000e\000n\000c\000e}{chapter.6}% 120
\BOOKMARK [2][-]{subsection.6.20.1}{\376\377\0006\000.\0002\0000\000.\0001\000\040\000M\000e\000m\000b\000e\000r\000\040\000F\000u\000n\000c\000t\000i\000o\000n\000\040\000D\000o\000c\000u\000m\000e\000n\000t\000a\000t\000i\000o\000n}{section.6.20}% 121
\BOOKMARK [3][-]{subsubsection.6.20.1.1}{\376\377\0006\000.\0002\0000\000.\0001\000.\0001\000\040\000i\000n\000i\000t\000\137\000c\000h\000i\000l\000d\000\137\000t\000h\000e\000m\000e\000a\000b\000l\000e\000\137\000r\000e\000f\000e\000r\000e\000n\000c\000e\000\137\000l\000i\000s\000t\000\050\000\051}{subsection.6.20.1}% 122
\BOOKMARK [1][-]{section.6.21}{\376\377\0006\000.\0002\0001\000\040\000L\000a\000y\000e\000r\000s\000:\000:\000C\000u\000s\000t\000o\000m\000i\000z\000e\000P\000a\000n\000e\000l\000\040\000C\000l\000a\000s\000s\000\040\000R\000e\000f\000e\000r\000e\000n\000c\000e}{chapter.6}% 123
\BOOKMARK [2][-]{subsection.6.21.1}{\376\377\0006\000.\0002\0001\000.\0001\000\040\000M\000e\000m\000b\000e\000r\000\040\000F\000u\000n\000c\000t\000i\000o\000n\000\040\000D\000o\000c\000u\000m\000e\000n\000t\000a\000t\000i\000o\000n}{section.6.21}% 124
\BOOKMARK [3][-]{subsubsection.6.21.1.1}{\376\377\0006\000.\0002\0001\000.\0001\000.\0001\000\040\000i\000n\000i\000t\000\137\000c\000h\000i\000l\000d\000\137\000t\000h\000e\000m\000e\000a\000b\000l\000e\000\137\000r\000e\000f\000e\000r\000e\000n\000c\000e\000\137\000l\000i\000s\000t\000\050\000\051}{subsection.6.21.1}% 125
\BOOKMARK [1][-]{section.6.22}{\376\377\0006\000.\0002\0002\000\040\000L\000a\000y\000e\000r\000s\000:\000:\000D\000a\000t\000a\000\040\000C\000l\000a\000s\000s\000\040\000R\000e\000f\000e\000r\000e\000n\000c\000e}{chapter.6}% 126
\BOOKMARK [2][-]{subsection.6.22.1}{\376\377\0006\000.\0002\0002\000.\0001\000\040\000D\000e\000t\000a\000i\000l\000e\000d\000\040\000D\000e\000s\000c\000r\000i\000p\000t\000i\000o\000n}{section.6.22}% 127
\BOOKMARK [2][-]{subsection.6.22.2}{\376\377\0006\000.\0002\0002\000.\0002\000\040\000M\000e\000m\000b\000e\000r\000\040\000F\000u\000n\000c\000t\000i\000o\000n\000\040\000D\000o\000c\000u\000m\000e\000n\000t\000a\000t\000i\000o\000n}{section.6.22}% 128
\BOOKMARK [3][-]{subsubsection.6.22.2.1}{\376\377\0006\000.\0002\0002\000.\0002\000.\0001\000\040\000a\000s\000\050\000\051}{subsection.6.22.2}% 129
\BOOKMARK [3][-]{subsubsection.6.22.2.2}{\376\377\0006\000.\0002\0002\000.\0002\000.\0002\000\040\000c\000o\000n\000t\000a\000i\000n\000s\000\137\000s\000t\000a\000t\000e\000\050\000\051}{subsection.6.22.2}% 130
\BOOKMARK [3][-]{subsubsection.6.22.2.3}{\376\377\0006\000.\0002\0002\000.\0002\000.\0003\000\040\000c\000o\000p\000y\000\050\000\051}{subsection.6.22.2}% 131
\BOOKMARK [3][-]{subsubsection.6.22.2.4}{\376\377\0006\000.\0002\0002\000.\0002\000.\0004\000\040\000i\000n\000i\000t\000\137\000v\000a\000r\000i\000a\000n\000t\000\137\000m\000a\000p\000\050\000\051}{subsection.6.22.2}% 132
\BOOKMARK [3][-]{subsubsection.6.22.2.5}{\376\377\0006\000.\0002\0002\000.\0002\000.\0005\000\040\000i\000s\000\137\000s\000t\000a\000t\000e\000f\000u\000l\000\050\000\051}{subsection.6.22.2}% 133
\BOOKMARK [3][-]{subsubsection.6.22.2.6}{\376\377\0006\000.\0002\0002\000.\0002\000.\0006\000\040\000s\000e\000t\000\137\000v\000a\000l\000u\000e\000\050\000\051\000\040\000[\0001\000/\0002\000]}{subsection.6.22.2}% 134
\BOOKMARK [3][-]{subsubsection.6.22.2.7}{\376\377\0006\000.\0002\0002\000.\0002\000.\0007\000\040\000s\000e\000t\000\137\000v\000a\000l\000u\000e\000\050\000\051\000\040\000[\0002\000/\0002\000]}{subsection.6.22.2}% 135
\BOOKMARK [3][-]{subsubsection.6.22.2.8}{\376\377\0006\000.\0002\0002\000.\0002\000.\0008\000\040\000s\000t\000a\000t\000e\000s\000\050\000\051}{subsection.6.22.2}% 136
\BOOKMARK [3][-]{subsubsection.6.22.2.9}{\376\377\0006\000.\0002\0002\000.\0002\000.\0009\000\040\000t\000o\000\137\000j\000s\000o\000n\000\137\000o\000b\000j\000e\000c\000t\000\050\000\051}{subsection.6.22.2}% 137
\BOOKMARK [3][-]{subsubsection.6.22.2.10}{\376\377\0006\000.\0002\0002\000.\0002\000.\0001\0000\000\040\000t\000y\000p\000e\000N\000a\000m\000e\000\050\000\051}{subsection.6.22.2}% 138
\BOOKMARK [1][-]{section.6.23}{\376\377\0006\000.\0002\0003\000\040\000L\000a\000y\000e\000r\000s\000:\000:\000D\000i\000a\000l\000o\000g\000\040\000C\000l\000a\000s\000s\000\040\000R\000e\000f\000e\000r\000e\000n\000c\000e}{chapter.6}% 139
\BOOKMARK [2][-]{subsection.6.23.1}{\376\377\0006\000.\0002\0003\000.\0001\000\040\000M\000e\000m\000b\000e\000r\000\040\000F\000u\000n\000c\000t\000i\000o\000n\000\040\000D\000o\000c\000u\000m\000e\000n\000t\000a\000t\000i\000o\000n}{section.6.23}% 140
\BOOKMARK [3][-]{subsubsection.6.23.1.1}{\376\377\0006\000.\0002\0003\000.\0001\000.\0001\000\040\000i\000n\000i\000t\000\137\000c\000h\000i\000l\000d\000\137\000t\000h\000e\000m\000e\000a\000b\000l\000e\000\137\000r\000e\000f\000e\000r\000e\000n\000c\000e\000\137\000l\000i\000s\000t\000\050\000\051}{subsection.6.23.1}% 141
\BOOKMARK [1][-]{section.6.24}{\376\377\0006\000.\0002\0004\000\040\000L\000a\000y\000e\000r\000s\000:\000:\000D\000o\000w\000n\000l\000o\000a\000d\000e\000r\000\040\000C\000l\000a\000s\000s\000\040\000R\000e\000f\000e\000r\000e\000n\000c\000e}{chapter.6}% 142
\BOOKMARK [1][-]{section.6.25}{\376\377\0006\000.\0002\0005\000\040\000L\000a\000y\000e\000r\000s\000:\000:\000F\000i\000l\000l\000A\000W\000\040\000C\000l\000a\000s\000s\000\040\000R\000e\000f\000e\000r\000e\000n\000c\000e}{chapter.6}% 143
\BOOKMARK [2][-]{subsection.6.25.1}{\376\377\0006\000.\0002\0005\000.\0001\000\040\000M\000e\000m\000b\000e\000r\000\040\000F\000u\000n\000c\000t\000i\000o\000n\000\040\000D\000o\000c\000u\000m\000e\000n\000t\000a\000t\000i\000o\000n}{section.6.25}% 144
\BOOKMARK [3][-]{subsubsection.6.25.1.1}{\376\377\0006\000.\0002\0005\000.\0001\000.\0001\000\040\000i\000n\000i\000t\000\137\000c\000h\000i\000l\000d\000\137\000t\000h\000e\000m\000e\000a\000b\000l\000e\000\137\000r\000e\000f\000e\000r\000e\000n\000c\000e\000\137\000l\000i\000s\000t\000\050\000\051}{subsection.6.25.1}% 145
\BOOKMARK [1][-]{section.6.26}{\376\377\0006\000.\0002\0006\000\040\000L\000a\000y\000e\000r\000s\000:\000:\000F\000i\000l\000l\000C\000o\000n\000t\000r\000o\000l\000\040\000C\000l\000a\000s\000s\000\040\000R\000e\000f\000e\000r\000e\000n\000c\000e}{chapter.6}% 146
\BOOKMARK [2][-]{subsection.6.26.1}{\376\377\0006\000.\0002\0006\000.\0001\000\040\000M\000e\000m\000b\000e\000r\000\040\000F\000u\000n\000c\000t\000i\000o\000n\000\040\000D\000o\000c\000u\000m\000e\000n\000t\000a\000t\000i\000o\000n}{section.6.26}% 147
\BOOKMARK [3][-]{subsubsection.6.26.1.1}{\376\377\0006\000.\0002\0006\000.\0001\000.\0001\000\040\000i\000n\000i\000t\000\137\000c\000h\000i\000l\000d\000\137\000t\000h\000e\000m\000e\000a\000b\000l\000e\000\137\000r\000e\000f\000e\000r\000e\000n\000c\000e\000\137\000l\000i\000s\000t\000\050\000\051}{subsection.6.26.1}% 148
\BOOKMARK [1][-]{section.6.27}{\376\377\0006\000.\0002\0007\000\040\000L\000a\000y\000e\000r\000s\000:\000:\000G\000i\000t\000H\000u\000b\000R\000e\000p\000o\000\040\000C\000l\000a\000s\000s\000\040\000R\000e\000f\000e\000r\000e\000n\000c\000e}{chapter.6}% 149
\BOOKMARK [1][-]{section.6.28}{\376\377\0006\000.\0002\0008\000\040\000L\000a\000y\000e\000r\000s\000:\000:\000G\000r\000a\000d\000i\000e\000n\000t\000A\000W\000\040\000C\000l\000a\000s\000s\000\040\000R\000e\000f\000e\000r\000e\000n\000c\000e}{chapter.6}% 150
\BOOKMARK [2][-]{subsection.6.28.1}{\376\377\0006\000.\0002\0008\000.\0001\000\040\000M\000e\000m\000b\000e\000r\000\040\000F\000u\000n\000c\000t\000i\000o\000n\000\040\000D\000o\000c\000u\000m\000e\000n\000t\000a\000t\000i\000o\000n}{section.6.28}% 151
\BOOKMARK [3][-]{subsubsection.6.28.1.1}{\376\377\0006\000.\0002\0008\000.\0001\000.\0001\000\040\000i\000n\000i\000t\000\137\000c\000h\000i\000l\000d\000\137\000t\000h\000e\000m\000e\000a\000b\000l\000e\000\137\000r\000e\000f\000e\000r\000e\000n\000c\000e\000\137\000l\000i\000s\000t\000\050\000\051}{subsection.6.28.1}% 152
\BOOKMARK [1][-]{section.6.29}{\376\377\0006\000.\0002\0009\000\040\000L\000a\000y\000e\000r\000s\000:\000:\000G\000r\000a\000d\000i\000e\000n\000t\000C\000o\000n\000t\000r\000o\000l\000\040\000C\000l\000a\000s\000s\000\040\000R\000e\000f\000e\000r\000e\000n\000c\000e}{chapter.6}% 153
\BOOKMARK [1][-]{section.6.30}{\376\377\0006\000.\0003\0000\000\040\000L\000a\000y\000e\000r\000s\000:\000:\000G\000r\000a\000d\000i\000e\000n\000t\000S\000e\000l\000e\000c\000t\000i\000o\000n\000D\000i\000a\000l\000o\000g\000\040\000C\000l\000a\000s\000s\000\040\000R\000e\000f\000e\000r\000e\000n\000c\000e}{chapter.6}% 154
\BOOKMARK [2][-]{subsection.6.30.1}{\376\377\0006\000.\0003\0000\000.\0001\000\040\000M\000e\000m\000b\000e\000r\000\040\000F\000u\000n\000c\000t\000i\000o\000n\000\040\000D\000o\000c\000u\000m\000e\000n\000t\000a\000t\000i\000o\000n}{section.6.30}% 155
\BOOKMARK [3][-]{subsubsection.6.30.1.1}{\376\377\0006\000.\0003\0000\000.\0001\000.\0001\000\040\000i\000n\000i\000t\000\137\000c\000h\000i\000l\000d\000\137\000t\000h\000e\000m\000e\000a\000b\000l\000e\000\137\000r\000e\000f\000e\000r\000e\000n\000c\000e\000\137\000l\000i\000s\000t\000\050\000\051}{subsection.6.30.1}% 156
\BOOKMARK [1][-]{section.6.31}{\376\377\0006\000.\0003\0001\000\040\000L\000a\000y\000e\000r\000s\000:\000:\000G\000r\000a\000p\000h\000i\000c\000\040\000C\000l\000a\000s\000s\000\040\000R\000e\000f\000e\000r\000e\000n\000c\000e}{chapter.6}% 157
\BOOKMARK [1][-]{section.6.32}{\376\377\0006\000.\0003\0002\000\040\000L\000a\000y\000e\000r\000s\000:\000:\000H\000o\000r\000i\000z\000o\000n\000t\000a\000l\000L\000a\000y\000o\000u\000t\000\040\000C\000l\000a\000s\000s\000\040\000R\000e\000f\000e\000r\000e\000n\000c\000e}{chapter.6}% 158
\BOOKMARK [1][-]{section.6.33}{\376\377\0006\000.\0003\0003\000\040\000L\000a\000y\000e\000r\000s\000:\000:\000I\000m\000a\000g\000e\000S\000e\000q\000u\000e\000n\000c\000e\000\040\000C\000l\000a\000s\000s\000\040\000R\000e\000f\000e\000r\000e\000n\000c\000e}{chapter.6}% 159
\BOOKMARK [1][-]{section.6.34}{\376\377\0006\000.\0003\0004\000\040\000L\000a\000y\000e\000r\000s\000:\000:\000I\000m\000a\000g\000e\000S\000e\000q\000u\000e\000n\000c\000e\000L\000a\000b\000e\000l\000\040\000C\000l\000a\000s\000s\000\040\000R\000e\000f\000e\000r\000e\000n\000c\000e}{chapter.6}% 160
\BOOKMARK [1][-]{section.6.35}{\376\377\0006\000.\0003\0005\000\040\000L\000a\000y\000e\000r\000s\000:\000:\000L\000a\000b\000e\000l\000\040\000C\000l\000a\000s\000s\000\040\000R\000e\000f\000e\000r\000e\000n\000c\000e}{chapter.6}% 161
\BOOKMARK [2][-]{subsection.6.35.1}{\376\377\0006\000.\0003\0005\000.\0001\000\040\000M\000e\000m\000b\000e\000r\000\040\000F\000u\000n\000c\000t\000i\000o\000n\000\040\000D\000o\000c\000u\000m\000e\000n\000t\000a\000t\000i\000o\000n}{section.6.35}% 162
\BOOKMARK [3][-]{subsubsection.6.35.1.1}{\376\377\0006\000.\0003\0005\000.\0001\000.\0001\000\040\000a\000p\000p\000l\000y\000\137\000t\000h\000e\000m\000e\000\137\000a\000t\000t\000r\000i\000b\000u\000t\000e\000s\000\050\000\051}{subsection.6.35.1}% 163
\BOOKMARK [1][-]{section.6.36}{\376\377\0006\000.\0003\0006\000\040\000L\000a\000y\000e\000r\000s\000:\000:\000L\000i\000n\000e\000E\000d\000i\000t\000o\000r\000\040\000C\000l\000a\000s\000s\000\040\000R\000e\000f\000e\000r\000e\000n\000c\000e}{chapter.6}% 164
\BOOKMARK [2][-]{subsection.6.36.1}{\376\377\0006\000.\0003\0006\000.\0001\000\040\000M\000e\000m\000b\000e\000r\000\040\000F\000u\000n\000c\000t\000i\000o\000n\000\040\000D\000o\000c\000u\000m\000e\000n\000t\000a\000t\000i\000o\000n}{section.6.36}% 165
\BOOKMARK [3][-]{subsubsection.6.36.1.1}{\376\377\0006\000.\0003\0006\000.\0001\000.\0001\000\040\000a\000p\000p\000l\000y\000\137\000t\000h\000e\000m\000e\000\137\000a\000t\000t\000r\000i\000b\000u\000t\000e\000s\000\050\000\051}{subsection.6.36.1}% 166
\BOOKMARK [1][-]{section.6.37}{\376\377\0006\000.\0003\0007\000\040\000L\000a\000y\000e\000r\000s\000:\000:\000M\000a\000r\000g\000i\000n\000s\000A\000t\000t\000r\000i\000b\000u\000t\000e\000s\000\040\000C\000l\000a\000s\000s\000\040\000R\000e\000f\000e\000r\000e\000n\000c\000e}{chapter.6}% 167
\BOOKMARK [2][-]{subsection.6.37.1}{\376\377\0006\000.\0003\0007\000.\0001\000\040\000M\000e\000m\000b\000e\000r\000\040\000D\000a\000t\000a\000\040\000D\000o\000c\000u\000m\000e\000n\000t\000a\000t\000i\000o\000n}{section.6.37}% 168
\BOOKMARK [3][-]{subsubsection.6.37.1.1}{\376\377\0006\000.\0003\0007\000.\0001\000.\0001\000\040\000b\000o\000t\000t\000o\000m}{subsection.6.37.1}% 169
\BOOKMARK [3][-]{subsubsection.6.37.1.2}{\376\377\0006\000.\0003\0007\000.\0001\000.\0002\000\040\000l\000e\000f\000t}{subsection.6.37.1}% 170
\BOOKMARK [3][-]{subsubsection.6.37.1.3}{\376\377\0006\000.\0003\0007\000.\0001\000.\0003\000\040\000r\000i\000g\000h\000t}{subsection.6.37.1}% 171
\BOOKMARK [3][-]{subsubsection.6.37.1.4}{\376\377\0006\000.\0003\0007\000.\0001\000.\0004\000\040\000t\000o\000p}{subsection.6.37.1}% 172
\BOOKMARK [1][-]{section.6.38}{\376\377\0006\000.\0003\0008\000\040\000L\000a\000y\000e\000r\000s\000:\000:\000M\000e\000n\000u\000\040\000C\000l\000a\000s\000s\000\040\000R\000e\000f\000e\000r\000e\000n\000c\000e}{chapter.6}% 173
\BOOKMARK [1][-]{section.6.39}{\376\377\0006\000.\0003\0009\000\040\000L\000a\000y\000e\000r\000s\000:\000:\000M\000e\000n\000u\000B\000a\000r\000\040\000C\000l\000a\000s\000s\000\040\000R\000e\000f\000e\000r\000e\000n\000c\000e}{chapter.6}% 174
\BOOKMARK [2][-]{subsection.6.39.1}{\376\377\0006\000.\0003\0009\000.\0001\000\040\000M\000e\000m\000b\000e\000r\000\040\000F\000u\000n\000c\000t\000i\000o\000n\000\040\000D\000o\000c\000u\000m\000e\000n\000t\000a\000t\000i\000o\000n}{section.6.39}% 175
\BOOKMARK [3][-]{subsubsection.6.39.1.1}{\376\377\0006\000.\0003\0009\000.\0001\000.\0001\000\040\000a\000p\000p\000l\000y\000\137\000t\000h\000e\000m\000e\000\137\000a\000t\000t\000r\000i\000b\000u\000t\000e\000s\000\050\000\051}{subsection.6.39.1}% 176
\BOOKMARK [1][-]{section.6.40}{\376\377\0006\000.\0004\0000\000\040\000L\000a\000y\000e\000r\000s\000:\000:\000M\000e\000n\000u\000L\000a\000b\000e\000l\000L\000a\000y\000e\000r\000\040\000C\000l\000a\000s\000s\000\040\000R\000e\000f\000e\000r\000e\000n\000c\000e}{chapter.6}% 177
\BOOKMARK [2][-]{subsection.6.40.1}{\376\377\0006\000.\0004\0000\000.\0001\000\040\000M\000e\000m\000b\000e\000r\000\040\000F\000u\000n\000c\000t\000i\000o\000n\000\040\000D\000o\000c\000u\000m\000e\000n\000t\000a\000t\000i\000o\000n}{section.6.40}% 178
\BOOKMARK [3][-]{subsubsection.6.40.1.1}{\376\377\0006\000.\0004\0000\000.\0001\000.\0001\000\040\000i\000n\000i\000t\000\137\000c\000h\000i\000l\000d\000\137\000t\000h\000e\000m\000e\000a\000b\000l\000e\000\137\000r\000e\000f\000e\000r\000e\000n\000c\000e\000\137\000l\000i\000s\000t\000\050\000\051}{subsection.6.40.1}% 179
\BOOKMARK [1][-]{section.6.41}{\376\377\0006\000.\0004\0001\000\040\000L\000a\000y\000e\000r\000s\000:\000:\000M\000i\000n\000i\000S\000l\000i\000d\000e\000r\000\040\000C\000l\000a\000s\000s\000\040\000R\000e\000f\000e\000r\000e\000n\000c\000e}{chapter.6}% 180
\BOOKMARK [2][-]{subsection.6.41.1}{\376\377\0006\000.\0004\0001\000.\0001\000\040\000M\000e\000m\000b\000e\000r\000\040\000F\000u\000n\000c\000t\000i\000o\000n\000\040\000D\000o\000c\000u\000m\000e\000n\000t\000a\000t\000i\000o\000n}{section.6.41}% 181
\BOOKMARK [3][-]{subsubsection.6.41.1.1}{\376\377\0006\000.\0004\0001\000.\0001\000.\0001\000\040\000i\000n\000i\000t\000\137\000c\000h\000i\000l\000d\000\137\000t\000h\000e\000m\000e\000a\000b\000l\000e\000\137\000r\000e\000f\000e\000r\000e\000n\000c\000e\000\137\000l\000i\000s\000t\000\050\000\051}{subsection.6.41.1}% 182
\BOOKMARK [1][-]{section.6.42}{\376\377\0006\000.\0004\0002\000\040\000L\000a\000y\000e\000r\000s\000:\000:\000N\000u\000m\000b\000e\000r\000A\000W\000\040\000C\000l\000a\000s\000s\000\040\000R\000e\000f\000e\000r\000e\000n\000c\000e}{chapter.6}% 183
\BOOKMARK [2][-]{subsection.6.42.1}{\376\377\0006\000.\0004\0002\000.\0001\000\040\000M\000e\000m\000b\000e\000r\000\040\000F\000u\000n\000c\000t\000i\000o\000n\000\040\000D\000o\000c\000u\000m\000e\000n\000t\000a\000t\000i\000o\000n}{section.6.42}% 184
\BOOKMARK [3][-]{subsubsection.6.42.1.1}{\376\377\0006\000.\0004\0002\000.\0001\000.\0001\000\040\000i\000n\000i\000t\000\137\000c\000h\000i\000l\000d\000\137\000t\000h\000e\000m\000e\000a\000b\000l\000e\000\137\000r\000e\000f\000e\000r\000e\000n\000c\000e\000\137\000l\000i\000s\000t\000\050\000\051}{subsection.6.42.1}% 185
\BOOKMARK [1][-]{section.6.43}{\376\377\0006\000.\0004\0003\000\040\000L\000a\000y\000e\000r\000s\000:\000:\000S\000c\000r\000o\000l\000l\000A\000r\000e\000a\000\040\000C\000l\000a\000s\000s\000\040\000R\000e\000f\000e\000r\000e\000n\000c\000e}{chapter.6}% 186
\BOOKMARK [2][-]{subsection.6.43.1}{\376\377\0006\000.\0004\0003\000.\0001\000\040\000M\000e\000m\000b\000e\000r\000\040\000F\000u\000n\000c\000t\000i\000o\000n\000\040\000D\000o\000c\000u\000m\000e\000n\000t\000a\000t\000i\000o\000n}{section.6.43}% 187
\BOOKMARK [3][-]{subsubsection.6.43.1.1}{\376\377\0006\000.\0004\0003\000.\0001\000.\0001\000\040\000i\000n\000i\000t\000\137\000c\000h\000i\000l\000d\000\137\000t\000h\000e\000m\000e\000a\000b\000l\000e\000\137\000r\000e\000f\000e\000r\000e\000n\000c\000e\000\137\000l\000i\000s\000t\000\050\000\051}{subsection.6.43.1}% 188
\BOOKMARK [1][-]{section.6.44}{\376\377\0006\000.\0004\0004\000\040\000L\000a\000y\000e\000r\000s\000:\000:\000S\000c\000r\000o\000l\000l\000B\000a\000r\000\040\000C\000l\000a\000s\000s\000\040\000R\000e\000f\000e\000r\000e\000n\000c\000e}{chapter.6}% 189
\BOOKMARK [2][-]{subsection.6.44.1}{\376\377\0006\000.\0004\0004\000.\0001\000\040\000M\000e\000m\000b\000e\000r\000\040\000F\000u\000n\000c\000t\000i\000o\000n\000\040\000D\000o\000c\000u\000m\000e\000n\000t\000a\000t\000i\000o\000n}{section.6.44}% 190
\BOOKMARK [3][-]{subsubsection.6.44.1.1}{\376\377\0006\000.\0004\0004\000.\0001\000.\0001\000\040\000a\000p\000p\000l\000y\000\137\000t\000h\000e\000m\000e\000\137\000a\000t\000t\000r\000i\000b\000u\000t\000e\000s\000\050\000\051}{subsection.6.44.1}% 191
\BOOKMARK [1][-]{section.6.45}{\376\377\0006\000.\0004\0005\000\040\000L\000a\000y\000e\000r\000s\000:\000:\000S\000e\000t\000t\000i\000n\000g\000s\000M\000e\000n\000u\000\040\000C\000l\000a\000s\000s\000\040\000R\000e\000f\000e\000r\000e\000n\000c\000e}{chapter.6}% 192
\BOOKMARK [2][-]{subsection.6.45.1}{\376\377\0006\000.\0004\0005\000.\0001\000\040\000M\000e\000m\000b\000e\000r\000\040\000F\000u\000n\000c\000t\000i\000o\000n\000\040\000D\000o\000c\000u\000m\000e\000n\000t\000a\000t\000i\000o\000n}{section.6.45}% 193
\BOOKMARK [3][-]{subsubsection.6.45.1.1}{\376\377\0006\000.\0004\0005\000.\0001\000.\0001\000\040\000i\000n\000i\000t\000\137\000c\000h\000i\000l\000d\000\137\000t\000h\000e\000m\000e\000a\000b\000l\000e\000\137\000r\000e\000f\000e\000r\000e\000n\000c\000e\000\137\000l\000i\000s\000t\000\050\000\051}{subsection.6.45.1}% 194
\BOOKMARK [1][-]{section.6.46}{\376\377\0006\000.\0004\0006\000\040\000L\000a\000y\000e\000r\000s\000:\000:\000S\000e\000t\000t\000i\000n\000g\000s\000S\000i\000d\000e\000b\000a\000r\000\040\000C\000l\000a\000s\000s\000\040\000R\000e\000f\000e\000r\000e\000n\000c\000e}{chapter.6}% 195
\BOOKMARK [1][-]{section.6.47}{\376\377\0006\000.\0004\0007\000\040\000L\000a\000y\000e\000r\000s\000:\000:\000S\000e\000t\000t\000i\000n\000g\000s\000T\000a\000b\000\040\000C\000l\000a\000s\000s\000\040\000R\000e\000f\000e\000r\000e\000n\000c\000e}{chapter.6}% 196
\BOOKMARK [2][-]{subsection.6.47.1}{\376\377\0006\000.\0004\0007\000.\0001\000\040\000M\000e\000m\000b\000e\000r\000\040\000F\000u\000n\000c\000t\000i\000o\000n\000\040\000D\000o\000c\000u\000m\000e\000n\000t\000a\000t\000i\000o\000n}{section.6.47}% 197
\BOOKMARK [3][-]{subsubsection.6.47.1.1}{\376\377\0006\000.\0004\0007\000.\0001\000.\0001\000\040\000i\000n\000i\000t\000\137\000c\000h\000i\000l\000d\000\137\000t\000h\000e\000m\000e\000a\000b\000l\000e\000\137\000r\000e\000f\000e\000r\000e\000n\000c\000e\000\137\000l\000i\000s\000t\000\050\000\051}{subsection.6.47.1}% 198
\BOOKMARK [1][-]{section.6.48}{\376\377\0006\000.\0004\0008\000\040\000L\000a\000y\000e\000r\000s\000:\000:\000S\000l\000i\000d\000e\000r\000\040\000C\000l\000a\000s\000s\000\040\000R\000e\000f\000e\000r\000e\000n\000c\000e}{chapter.6}% 199
\BOOKMARK [2][-]{subsection.6.48.1}{\376\377\0006\000.\0004\0008\000.\0001\000\040\000M\000e\000m\000b\000e\000r\000\040\000F\000u\000n\000c\000t\000i\000o\000n\000\040\000D\000o\000c\000u\000m\000e\000n\000t\000a\000t\000i\000o\000n}{section.6.48}% 200
\BOOKMARK [3][-]{subsubsection.6.48.1.1}{\376\377\0006\000.\0004\0008\000.\0001\000.\0001\000\040\000i\000n\000i\000t\000\137\000c\000h\000i\000l\000d\000\137\000t\000h\000e\000m\000e\000a\000b\000l\000e\000\137\000r\000e\000f\000e\000r\000e\000n\000c\000e\000\137\000l\000i\000s\000t\000\050\000\051}{subsection.6.48.1}% 201
\BOOKMARK [1][-]{section.6.49}{\376\377\0006\000.\0004\0009\000\040\000L\000a\000y\000e\000r\000s\000:\000:\000S\000t\000a\000t\000e\000A\000W\000\040\000C\000l\000a\000s\000s\000\040\000R\000e\000f\000e\000r\000e\000n\000c\000e}{chapter.6}% 202
\BOOKMARK [2][-]{subsection.6.49.1}{\376\377\0006\000.\0004\0009\000.\0001\000\040\000M\000e\000m\000b\000e\000r\000\040\000F\000u\000n\000c\000t\000i\000o\000n\000\040\000D\000o\000c\000u\000m\000e\000n\000t\000a\000t\000i\000o\000n}{section.6.49}% 203
\BOOKMARK [3][-]{subsubsection.6.49.1.1}{\376\377\0006\000.\0004\0009\000.\0001\000.\0001\000\040\000i\000n\000i\000t\000\137\000c\000h\000i\000l\000d\000\137\000t\000h\000e\000m\000e\000a\000b\000l\000e\000\137\000r\000e\000f\000e\000r\000e\000n\000c\000e\000\137\000l\000i\000s\000t\000\050\000\051}{subsection.6.49.1}% 204
\BOOKMARK [1][-]{section.6.50}{\376\377\0006\000.\0005\0000\000\040\000L\000a\000y\000e\000r\000s\000:\000:\000S\000V\000G\000\040\000C\000l\000a\000s\000s\000\040\000R\000e\000f\000e\000r\000e\000n\000c\000e}{chapter.6}% 205
\BOOKMARK [2][-]{subsection.6.50.1}{\376\377\0006\000.\0005\0000\000.\0001\000\040\000D\000e\000t\000a\000i\000l\000e\000d\000\040\000D\000e\000s\000c\000r\000i\000p\000t\000i\000o\000n}{section.6.50}% 206
\BOOKMARK [2][-]{subsection.6.50.2}{\376\377\0006\000.\0005\0000\000.\0002\000\040\000C\000o\000n\000s\000t\000r\000u\000c\000t\000o\000r\000\040\000\046\000\040\000D\000e\000s\000t\000r\000u\000c\000t\000o\000r\000\040\000D\000o\000c\000u\000m\000e\000n\000t\000a\000t\000i\000o\000n}{section.6.50}% 207
\BOOKMARK [3][-]{subsubsection.6.50.2.1}{\376\377\0006\000.\0005\0000\000.\0002\000.\0001\000\040\000S\000V\000G\000\050\000\051\000\040\000[\0001\000/\0002\000]}{subsection.6.50.2}% 208
\BOOKMARK [3][-]{subsubsection.6.50.2.2}{\376\377\0006\000.\0005\0000\000.\0002\000.\0002\000\040\000S\000V\000G\000\050\000\051\000\040\000[\0002\000/\0002\000]}{subsection.6.50.2}% 209
\BOOKMARK [2][-]{subsection.6.50.3}{\376\377\0006\000.\0005\0000\000.\0003\000\040\000M\000e\000m\000b\000e\000r\000\040\000F\000u\000n\000c\000t\000i\000o\000n\000\040\000D\000o\000c\000u\000m\000e\000n\000t\000a\000t\000i\000o\000n}{section.6.50}% 210
\BOOKMARK [3][-]{subsubsection.6.50.3.1}{\376\377\0006\000.\0005\0000\000.\0003\000.\0001\000\040\000a\000p\000p\000l\000y\000\137\000t\000h\000e\000m\000e\000\137\000a\000t\000t\000r\000i\000b\000u\000t\000e\000s\000\050\000\051}{subsection.6.50.3}% 211
\BOOKMARK [3][-]{subsubsection.6.50.3.2}{\376\377\0006\000.\0005\0000\000.\0003\000.\0002\000\040\000i\000n\000i\000t\000\137\000a\000t\000t\000r\000i\000b\000u\000t\000e\000s\000\050\000\051}{subsection.6.50.3}% 212
\BOOKMARK [3][-]{subsubsection.6.50.3.3}{\376\377\0006\000.\0005\0000\000.\0003\000.\0003\000\040\000r\000e\000b\000u\000i\000l\000d\000\137\000s\000v\000g\000\137\000s\000t\000r\000\050\000\051}{subsection.6.50.3}% 213
\BOOKMARK [3][-]{subsubsection.6.50.3.4}{\376\377\0006\000.\0005\0000\000.\0003\000.\0004\000\040\000s\000e\000t\000\137\000s\000t\000a\000t\000e\000\050\000\051}{subsection.6.50.3}% 214
\BOOKMARK [3][-]{subsubsection.6.50.3.5}{\376\377\0006\000.\0005\0000\000.\0003\000.\0005\000\040\000u\000p\000d\000a\000t\000e\000\050\000\051}{subsection.6.50.3}% 215
\BOOKMARK [1][-]{section.6.51}{\376\377\0006\000.\0005\0001\000\040\000L\000a\000y\000e\000r\000s\000:\000:\000T\000a\000b\000B\000a\000r\000\040\000C\000l\000a\000s\000s\000\040\000R\000e\000f\000e\000r\000e\000n\000c\000e}{chapter.6}% 216
\BOOKMARK [2][-]{subsection.6.51.1}{\376\377\0006\000.\0005\0001\000.\0001\000\040\000M\000e\000m\000b\000e\000r\000\040\000F\000u\000n\000c\000t\000i\000o\000n\000\040\000D\000o\000c\000u\000m\000e\000n\000t\000a\000t\000i\000o\000n}{section.6.51}% 217
\BOOKMARK [3][-]{subsubsection.6.51.1.1}{\376\377\0006\000.\0005\0001\000.\0001\000.\0001\000\040\000a\000p\000p\000l\000y\000\137\000t\000h\000e\000m\000e\000\137\000a\000t\000t\000r\000i\000b\000u\000t\000e\000s\000\050\000\051}{subsection.6.51.1}% 218
\BOOKMARK [1][-]{section.6.52}{\376\377\0006\000.\0005\0002\000\040\000L\000a\000y\000e\000r\000s\000:\000:\000T\000h\000e\000m\000e\000\040\000C\000l\000a\000s\000s\000\040\000R\000e\000f\000e\000r\000e\000n\000c\000e}{chapter.6}% 219
\BOOKMARK [2][-]{subsection.6.52.1}{\376\377\0006\000.\0005\0002\000.\0001\000\040\000D\000e\000t\000a\000i\000l\000e\000d\000\040\000D\000e\000s\000c\000r\000i\000p\000t\000i\000o\000n}{section.6.52}% 220
\BOOKMARK [2][-]{subsection.6.52.2}{\376\377\0006\000.\0005\0002\000.\0002\000\040\000M\000e\000m\000b\000e\000r\000\040\000F\000u\000n\000c\000t\000i\000o\000n\000\040\000D\000o\000c\000u\000m\000e\000n\000t\000a\000t\000i\000o\000n}{section.6.52}% 221
\BOOKMARK [3][-]{subsubsection.6.52.2.1}{\376\377\0006\000.\0005\0002\000.\0002\000.\0001\000\040\000c\000l\000e\000a\000r\000\050\000\051}{subsection.6.52.2}% 222
\BOOKMARK [3][-]{subsubsection.6.52.2.2}{\376\377\0006\000.\0005\0002\000.\0002\000.\0002\000\040\000c\000o\000n\000t\000a\000i\000n\000s\000\137\000a\000t\000t\000r\000i\000b\000u\000t\000e\000s\000\137\000f\000o\000r\000\137\000t\000a\000g\000\050\000\051}{subsection.6.52.2}% 223
\BOOKMARK [3][-]{subsubsection.6.52.2.3}{\376\377\0006\000.\0005\0002\000.\0002\000.\0003\000\040\000c\000o\000p\000y\000\050\000\051}{subsection.6.52.2}% 224
\BOOKMARK [3][-]{subsubsection.6.52.2.4}{\376\377\0006\000.\0005\0002\000.\0002\000.\0004\000\040\000e\000d\000i\000t\000a\000b\000l\000e\000\050\000\051}{subsection.6.52.2}% 225
\BOOKMARK [3][-]{subsubsection.6.52.2.5}{\376\377\0006\000.\0005\0002\000.\0002\000.\0005\000\040\000n\000a\000m\000e\000\050\000\051}{subsection.6.52.2}% 226
\BOOKMARK [3][-]{subsubsection.6.52.2.6}{\376\377\0006\000.\0005\0002\000.\0002\000.\0006\000\040\000o\000p\000e\000r\000a\000t\000o\000r\000[\000]\000\050\000\051}{subsection.6.52.2}% 227
\BOOKMARK [3][-]{subsubsection.6.52.2.7}{\376\377\0006\000.\0005\0002\000.\0002\000.\0007\000\040\000s\000e\000t\000\137\000n\000a\000m\000e\000\050\000\051}{subsection.6.52.2}% 228
\BOOKMARK [3][-]{subsubsection.6.52.2.8}{\376\377\0006\000.\0005\0002\000.\0002\000.\0008\000\040\000t\000h\000e\000m\000e\000a\000b\000l\000e\000\137\000t\000a\000g\000s\000\050\000\051}{subsection.6.52.2}% 229
\BOOKMARK [1][-]{section.6.53}{\376\377\0006\000.\0005\0003\000\040\000L\000a\000y\000e\000r\000s\000:\000:\000T\000h\000e\000m\000e\000a\000b\000l\000e\000\040\000C\000l\000a\000s\000s\000\040\000R\000e\000f\000e\000r\000e\000n\000c\000e}{chapter.6}% 230
\BOOKMARK [2][-]{subsection.6.53.1}{\376\377\0006\000.\0005\0003\000.\0001\000\040\000D\000e\000t\000a\000i\000l\000e\000d\000\040\000D\000e\000s\000c\000r\000i\000p\000t\000i\000o\000n}{section.6.53}% 231
\BOOKMARK [2][-]{subsection.6.53.2}{\376\377\0006\000.\0005\0003\000.\0002\000\040\000M\000e\000m\000b\000e\000r\000\040\000F\000u\000n\000c\000t\000i\000o\000n\000\040\000D\000o\000c\000u\000m\000e\000n\000t\000a\000t\000i\000o\000n}{section.6.53}% 232
\BOOKMARK [3][-]{subsubsection.6.53.2.1}{\376\377\0006\000.\0005\0003\000.\0002\000.\0001\000\040\000a\000p\000p\000l\000y\000\137\000t\000h\000e\000m\000e\000\050\000\051}{subsection.6.53.2}% 233
\BOOKMARK [3][-]{subsubsection.6.53.2.2}{\376\377\0006\000.\0005\0003\000.\0002\000.\0002\000\040\000a\000s\000s\000i\000g\000n\000\137\000t\000a\000g\000\137\000p\000r\000e\000f\000i\000x\000e\000s\000\050\000\051}{subsection.6.53.2}% 234
\BOOKMARK [3][-]{subsubsection.6.53.2.3}{\376\377\0006\000.\0005\0003\000.\0002\000.\0003\000\040\000a\000t\000t\000r\000i\000b\000u\000t\000e\000s\000\050\000\051}{subsection.6.53.2}% 235
\BOOKMARK [3][-]{subsubsection.6.53.2.4}{\376\377\0006\000.\0005\0003\000.\0002\000.\0004\000\040\000c\000u\000r\000r\000e\000n\000t\000\137\000t\000h\000e\000m\000e\000\050\000\051}{subsection.6.53.2}% 236
\BOOKMARK [3][-]{subsubsection.6.53.2.5}{\376\377\0006\000.\0005\0003\000.\0002\000.\0005\000\040\000c\000u\000s\000t\000o\000m\000i\000z\000e\000\137\000p\000a\000n\000e\000l\000\050\000\051}{subsection.6.53.2}% 237
\BOOKMARK [3][-]{subsubsection.6.53.2.6}{\376\377\0006\000.\0005\0003\000.\0002\000.\0006\000\040\000i\000c\000o\000n\000\050\000\051}{subsection.6.53.2}% 238
\BOOKMARK [3][-]{subsubsection.6.53.2.7}{\376\377\0006\000.\0005\0003\000.\0002\000.\0007\000\040\000i\000n\000i\000t\000\137\000c\000h\000i\000l\000d\000\137\000t\000h\000e\000m\000e\000a\000b\000l\000e\000\137\000r\000e\000f\000e\000r\000e\000n\000c\000e\000\137\000l\000i\000s\000t\000\050\000\051}{subsection.6.53.2}% 239
\BOOKMARK [3][-]{subsubsection.6.53.2.8}{\376\377\0006\000.\0005\0003\000.\0002\000.\0008\000\040\000i\000s\000\137\000s\000t\000a\000t\000e\000f\000u\000l\000\050\000\051}{subsection.6.53.2}% 240
\BOOKMARK [3][-]{subsubsection.6.53.2.9}{\376\377\0006\000.\0005\0003\000.\0002\000.\0009\000\040\000n\000a\000m\000e\000\050\000\051}{subsection.6.53.2}% 241
\BOOKMARK [3][-]{subsubsection.6.53.2.10}{\376\377\0006\000.\0005\0003\000.\0002\000.\0001\0000\000\040\000p\000r\000o\000p\000e\000r\000\137\000n\000a\000m\000e\000\050\000\051}{subsection.6.53.2}% 242
\BOOKMARK [3][-]{subsubsection.6.53.2.11}{\376\377\0006\000.\0005\0003\000.\0002\000.\0001\0001\000\040\000r\000e\000a\000p\000p\000l\000y\000\137\000t\000h\000e\000m\000e\000\050\000\051}{subsection.6.53.2}% 243
\BOOKMARK [3][-]{subsubsection.6.53.2.12}{\376\377\0006\000.\0005\0003\000.\0002\000.\0001\0002\000\040\000r\000e\000m\000o\000v\000e\000\137\000c\000h\000i\000l\000d\000\137\000t\000h\000e\000m\000e\000a\000b\000l\000e\000\137\000r\000e\000f\000e\000r\000e\000n\000c\000e\000\050\000\051}{subsection.6.53.2}% 244
\BOOKMARK [3][-]{subsubsection.6.53.2.13}{\376\377\0006\000.\0005\0003\000.\0002\000.\0001\0003\000\040\000s\000e\000t\000\137\000i\000c\000o\000n\000\050\000\051}{subsection.6.53.2}% 245
\BOOKMARK [3][-]{subsubsection.6.53.2.14}{\376\377\0006\000.\0005\0003\000.\0002\000.\0001\0004\000\040\000s\000e\000t\000\137\000n\000a\000m\000e\000\050\000\051}{subsection.6.53.2}% 246
\BOOKMARK [3][-]{subsubsection.6.53.2.15}{\376\377\0006\000.\0005\0003\000.\0002\000.\0001\0005\000\040\000s\000e\000t\000\137\000p\000r\000o\000p\000e\000r\000\137\000n\000a\000m\000e\000\050\000\051}{subsection.6.53.2}% 247
\BOOKMARK [3][-]{subsubsection.6.53.2.16}{\376\377\0006\000.\0005\0003\000.\0002\000.\0001\0006\000\040\000s\000e\000t\000\137\000s\000t\000a\000t\000e\000\050\000\051}{subsection.6.53.2}% 248
\BOOKMARK [3][-]{subsubsection.6.53.2.17}{\376\377\0006\000.\0005\0003\000.\0002\000.\0001\0007\000\040\000s\000t\000a\000t\000e\000s\000\050\000\051}{subsection.6.53.2}% 249
\BOOKMARK [3][-]{subsubsection.6.53.2.18}{\376\377\0006\000.\0005\0003\000.\0002\000.\0001\0008\000\040\000s\000t\000o\000r\000e\000\137\000c\000h\000i\000l\000d\000\137\000t\000h\000e\000m\000e\000a\000b\000l\000e\000\137\000p\000o\000i\000n\000t\000e\000r\000\050\000\051}{subsection.6.53.2}% 250
\BOOKMARK [3][-]{subsubsection.6.53.2.19}{\376\377\0006\000.\0005\0003\000.\0002\000.\0001\0009\000\040\000t\000a\000g\000\050\000\051}{subsection.6.53.2}% 251
\BOOKMARK [3][-]{subsubsection.6.53.2.20}{\376\377\0006\000.\0005\0003\000.\0002\000.\0002\0000\000\040\000u\000n\000a\000s\000s\000i\000g\000n\000\137\000p\000r\000e\000f\000i\000x\000e\000s\000\050\000\051}{subsection.6.53.2}% 252
\BOOKMARK [1][-]{section.6.54}{\376\377\0006\000.\0005\0004\000\040\000L\000a\000y\000e\000r\000s\000:\000:\000T\000h\000e\000m\000e\000a\000b\000l\000e\000B\000o\000x\000\040\000C\000l\000a\000s\000s\000\040\000R\000e\000f\000e\000r\000e\000n\000c\000e}{chapter.6}% 253
\BOOKMARK [2][-]{subsection.6.54.1}{\376\377\0006\000.\0005\0004\000.\0001\000\040\000M\000e\000m\000b\000e\000r\000\040\000F\000u\000n\000c\000t\000i\000o\000n\000\040\000D\000o\000c\000u\000m\000e\000n\000t\000a\000t\000i\000o\000n}{section.6.54}% 254
\BOOKMARK [3][-]{subsubsection.6.54.1.1}{\376\377\0006\000.\0005\0004\000.\0001\000.\0001\000\040\000a\000p\000p\000l\000y\000\137\000t\000h\000e\000m\000e\000\137\000a\000t\000t\000r\000i\000b\000u\000t\000e\000s\000\050\000\051}{subsection.6.54.1}% 255
\BOOKMARK [3][-]{subsubsection.6.54.1.2}{\376\377\0006\000.\0005\0004\000.\0001\000.\0002\000\040\000i\000n\000i\000t\000\137\000a\000t\000t\000r\000i\000b\000u\000t\000e\000s\000\050\000\051}{subsection.6.54.1}% 256
\BOOKMARK [3][-]{subsubsection.6.54.1.3}{\376\377\0006\000.\0005\0004\000.\0001\000.\0003\000\040\000p\000a\000i\000n\000t\000\050\000\051}{subsection.6.54.1}% 257
\BOOKMARK [3][-]{subsubsection.6.54.1.4}{\376\377\0006\000.\0005\0004\000.\0001\000.\0004\000\040\000s\000e\000t\000\137\000m\000a\000r\000g\000i\000n\000\050\000\051\000\040\000[\0001\000/\0002\000]}{subsection.6.54.1}% 258
\BOOKMARK [3][-]{subsubsection.6.54.1.5}{\376\377\0006\000.\0005\0004\000.\0001\000.\0005\000\040\000s\000e\000t\000\137\000m\000a\000r\000g\000i\000n\000\050\000\051\000\040\000[\0002\000/\0002\000]}{subsection.6.54.1}% 259
\BOOKMARK [2][-]{subsection.6.54.2}{\376\377\0006\000.\0005\0004\000.\0002\000\040\000M\000e\000m\000b\000e\000r\000\040\000D\000a\000t\000a\000\040\000D\000o\000c\000u\000m\000e\000n\000t\000a\000t\000i\000o\000n}{section.6.54}% 260
\BOOKMARK [3][-]{subsubsection.6.54.2.1}{\376\377\0006\000.\0005\0004\000.\0002\000.\0001\000\040\000a\000\137\000c\000o\000r\000n\000e\000r\000\137\000c\000o\000l\000o\000r}{subsection.6.54.2}% 261
\BOOKMARK [3][-]{subsubsection.6.54.2.2}{\376\377\0006\000.\0005\0004\000.\0002\000.\0002\000\040\000a\000\137\000f\000i\000l\000l}{subsection.6.54.2}% 262
\BOOKMARK [3][-]{subsubsection.6.54.2.3}{\376\377\0006\000.\0005\0004\000.\0002\000.\0003\000\040\000a\000\137\000h\000o\000v\000e\000r\000\137\000f\000i\000l\000l}{subsection.6.54.2}% 263
\BOOKMARK [3][-]{subsubsection.6.54.2.4}{\376\377\0006\000.\0005\0004\000.\0002\000.\0004\000\040\000a\000\137\000o\000u\000t\000l\000i\000n\000e\000\137\000c\000o\000l\000o\000r}{subsection.6.54.2}% 264
\BOOKMARK [1][-]{section.6.55}{\376\377\0006\000.\0005\0005\000\040\000L\000a\000y\000e\000r\000s\000:\000:\000T\000h\000e\000m\000e\000s\000S\000e\000t\000t\000i\000n\000g\000s\000P\000a\000n\000e\000l\000\040\000C\000l\000a\000s\000s\000\040\000R\000e\000f\000e\000r\000e\000n\000c\000e}{chapter.6}% 265
\BOOKMARK [2][-]{subsection.6.55.1}{\376\377\0006\000.\0005\0005\000.\0001\000\040\000M\000e\000m\000b\000e\000r\000\040\000F\000u\000n\000c\000t\000i\000o\000n\000\040\000D\000o\000c\000u\000m\000e\000n\000t\000a\000t\000i\000o\000n}{section.6.55}% 266
\BOOKMARK [3][-]{subsubsection.6.55.1.1}{\376\377\0006\000.\0005\0005\000.\0001\000.\0001\000\040\000a\000p\000p\000l\000y\000\137\000t\000h\000e\000m\000e\000\050\000\051}{subsection.6.55.1}% 267
\BOOKMARK [3][-]{subsubsection.6.55.1.2}{\376\377\0006\000.\0005\0005\000.\0001\000.\0002\000\040\000i\000n\000i\000t\000\137\000c\000h\000i\000l\000d\000\137\000t\000h\000e\000m\000e\000a\000b\000l\000e\000\137\000r\000e\000f\000e\000r\000e\000n\000c\000e\000\137\000l\000i\000s\000t\000\050\000\051}{subsection.6.55.1}% 268
\BOOKMARK [1][-]{section.6.56}{\376\377\0006\000.\0005\0006\000\040\000L\000a\000y\000e\000r\000s\000:\000:\000T\000i\000t\000l\000e\000b\000a\000r\000\040\000C\000l\000a\000s\000s\000\040\000R\000e\000f\000e\000r\000e\000n\000c\000e}{chapter.6}% 269
\BOOKMARK [2][-]{subsection.6.56.1}{\376\377\0006\000.\0005\0006\000.\0001\000\040\000M\000e\000m\000b\000e\000r\000\040\000F\000u\000n\000c\000t\000i\000o\000n\000\040\000D\000o\000c\000u\000m\000e\000n\000t\000a\000t\000i\000o\000n}{section.6.56}% 270
\BOOKMARK [3][-]{subsubsection.6.56.1.1}{\376\377\0006\000.\0005\0006\000.\0001\000.\0001\000\040\000i\000n\000i\000t\000\137\000c\000h\000i\000l\000d\000\137\000t\000h\000e\000m\000e\000a\000b\000l\000e\000\137\000r\000e\000f\000e\000r\000e\000n\000c\000e\000\137\000l\000i\000s\000t\000\050\000\051}{subsection.6.56.1}% 271
\BOOKMARK [1][-]{section.6.57}{\376\377\0006\000.\0005\0007\000\040\000L\000a\000y\000e\000r\000s\000:\000:\000T\000o\000g\000g\000l\000e\000S\000w\000i\000t\000c\000h\000\040\000C\000l\000a\000s\000s\000\040\000R\000e\000f\000e\000r\000e\000n\000c\000e}{chapter.6}% 272
\BOOKMARK [2][-]{subsection.6.57.1}{\376\377\0006\000.\0005\0007\000.\0001\000\040\000M\000e\000m\000b\000e\000r\000\040\000F\000u\000n\000c\000t\000i\000o\000n\000\040\000D\000o\000c\000u\000m\000e\000n\000t\000a\000t\000i\000o\000n}{section.6.57}% 273
\BOOKMARK [3][-]{subsubsection.6.57.1.1}{\376\377\0006\000.\0005\0007\000.\0001\000.\0001\000\040\000i\000n\000i\000t\000\137\000c\000h\000i\000l\000d\000\137\000t\000h\000e\000m\000e\000a\000b\000l\000e\000\137\000r\000e\000f\000e\000r\000e\000n\000c\000e\000\137\000l\000i\000s\000t\000\050\000\051}{subsection.6.57.1}% 274
\BOOKMARK [1][-]{section.6.58}{\376\377\0006\000.\0005\0008\000\040\000L\000a\000y\000e\000r\000s\000:\000:\000U\000p\000d\000a\000t\000e\000D\000i\000a\000l\000o\000g\000\040\000C\000l\000a\000s\000s\000\040\000R\000e\000f\000e\000r\000e\000n\000c\000e}{chapter.6}% 275
\BOOKMARK [2][-]{subsection.6.58.1}{\376\377\0006\000.\0005\0008\000.\0001\000\040\000M\000e\000m\000b\000e\000r\000\040\000F\000u\000n\000c\000t\000i\000o\000n\000\040\000D\000o\000c\000u\000m\000e\000n\000t\000a\000t\000i\000o\000n}{section.6.58}% 276
\BOOKMARK [3][-]{subsubsection.6.58.1.1}{\376\377\0006\000.\0005\0008\000.\0001\000.\0001\000\040\000i\000n\000i\000t\000\137\000c\000h\000i\000l\000d\000\137\000t\000h\000e\000m\000e\000a\000b\000l\000e\000\137\000r\000e\000f\000e\000r\000e\000n\000c\000e\000\137\000l\000i\000s\000t\000\050\000\051}{subsection.6.58.1}% 277
\BOOKMARK [1][-]{section.6.59}{\376\377\0006\000.\0005\0009\000\040\000L\000a\000y\000e\000r\000s\000:\000:\000V\000a\000r\000i\000a\000n\000t\000\040\000C\000l\000a\000s\000s\000\040\000R\000e\000f\000e\000r\000e\000n\000c\000e}{chapter.6}% 278
\BOOKMARK [2][-]{subsection.6.59.1}{\376\377\0006\000.\0005\0009\000.\0001\000\040\000D\000e\000t\000a\000i\000l\000e\000d\000\040\000D\000e\000s\000c\000r\000i\000p\000t\000i\000o\000n}{section.6.59}% 279
\BOOKMARK [2][-]{subsection.6.59.2}{\376\377\0006\000.\0005\0009\000.\0002\000\040\000M\000e\000m\000b\000e\000r\000\040\000F\000u\000n\000c\000t\000i\000o\000n\000\040\000D\000o\000c\000u\000m\000e\000n\000t\000a\000t\000i\000o\000n}{section.6.59}% 280
\BOOKMARK [3][-]{subsubsection.6.59.2.1}{\376\377\0006\000.\0005\0009\000.\0002\000.\0001\000\040\000t\000y\000p\000e\000N\000a\000m\000e\000\050\000\051}{subsection.6.59.2}% 281
\BOOKMARK [3][-]{subsubsection.6.59.2.2}{\376\377\0006\000.\0005\0009\000.\0002\000.\0002\000\040\000v\000a\000l\000u\000e\000\050\000\051}{subsection.6.59.2}% 282
\BOOKMARK [1][-]{section.6.60}{\376\377\0006\000.\0006\0000\000\040\000L\000a\000y\000e\000r\000s\000:\000:\000V\000e\000r\000s\000i\000o\000n\000\040\000C\000l\000a\000s\000s\000\040\000R\000e\000f\000e\000r\000e\000n\000c\000e}{chapter.6}% 283
\BOOKMARK [1][-]{section.6.61}{\376\377\0006\000.\0006\0001\000\040\000L\000a\000y\000e\000r\000s\000:\000:\000V\000e\000r\000t\000i\000c\000a\000l\000L\000a\000y\000o\000u\000t\000\040\000C\000l\000a\000s\000s\000\040\000R\000e\000f\000e\000r\000e\000n\000c\000e}{chapter.6}% 284
\BOOKMARK [1][-]{section.6.62}{\376\377\0006\000.\0006\0002\000\040\000L\000a\000y\000e\000r\000s\000:\000:\000W\000i\000d\000g\000e\000t\000\040\000C\000l\000a\000s\000s\000\040\000R\000e\000f\000e\000r\000e\000n\000c\000e}{chapter.6}% 285
\BOOKMARK [2][-]{subsection.6.62.1}{\376\377\0006\000.\0006\0002\000.\0001\000\040\000D\000e\000t\000a\000i\000l\000e\000d\000\040\000D\000e\000s\000c\000r\000i\000p\000t\000i\000o\000n}{section.6.62}% 286
\BOOKMARK [2][-]{subsection.6.62.2}{\376\377\0006\000.\0006\0002\000.\0002\000\040\000M\000e\000m\000b\000e\000r\000\040\000F\000u\000n\000c\000t\000i\000o\000n\000\040\000D\000o\000c\000u\000m\000e\000n\000t\000a\000t\000i\000o\000n}{section.6.62}% 287
\BOOKMARK [3][-]{subsubsection.6.62.2.1}{\376\377\0006\000.\0006\0002\000.\0002\000.\0001\000\040\000e\000v\000e\000n\000t\000F\000i\000l\000t\000e\000r\000\050\000\051}{subsection.6.62.2}% 288
\BOOKMARK [3][-]{subsubsection.6.62.2.2}{\376\377\0006\000.\0006\0002\000.\0002\000.\0002\000\040\000i\000n\000i\000t\000\137\000a\000t\000t\000r\000i\000b\000u\000t\000e\000s\000\050\000\051}{subsection.6.62.2}% 289
\BOOKMARK [3][-]{subsubsection.6.62.2.3}{\376\377\0006\000.\0006\0002\000.\0002\000.\0003\000\040\000p\000a\000i\000n\000t\000E\000v\000e\000n\000t\000\050\000\051}{subsection.6.62.2}% 290
\BOOKMARK [1][-]{section.6.63}{\376\377\0006\000.\0006\0003\000\040\000L\000a\000y\000e\000r\000s\000:\000:\000W\000i\000n\000d\000o\000w\000\040\000C\000l\000a\000s\000s\000\040\000R\000e\000f\000e\000r\000e\000n\000c\000e}{chapter.6}% 291
\BOOKMARK [2][-]{subsection.6.63.1}{\376\377\0006\000.\0006\0003\000.\0001\000\040\000M\000e\000m\000b\000e\000r\000\040\000F\000u\000n\000c\000t\000i\000o\000n\000\040\000D\000o\000c\000u\000m\000e\000n\000t\000a\000t\000i\000o\000n}{section.6.63}% 292
\BOOKMARK [3][-]{subsubsection.6.63.1.1}{\376\377\0006\000.\0006\0003\000.\0001\000.\0001\000\040\000a\000p\000p\000l\000y\000\137\000t\000h\000e\000m\000e\000\050\000\051}{subsection.6.63.1}% 293
\BOOKMARK [3][-]{subsubsection.6.63.1.2}{\376\377\0006\000.\0006\0003\000.\0001\000.\0002\000\040\000i\000n\000i\000t\000\137\000c\000h\000i\000l\000d\000\137\000t\000h\000e\000m\000e\000a\000b\000l\000e\000\137\000r\000e\000f\000e\000r\000e\000n\000c\000e\000\137\000l\000i\000s\000t\000\050\000\051}{subsection.6.63.1}% 294
\BOOKMARK [0][-]{chapter.7}{\376\377\0007\000\040\000F\000i\000l\000e\000\040\000D\000o\000c\000u\000m\000e\000n\000t\000a\000t\000i\000o\000n}{}% 295
\BOOKMARK [1][-]{section.7.1}{\376\377\0007\000.\0001\000\040\000A\000p\000p\000l\000i\000c\000a\000t\000i\000o\000n\000.\000h}{chapter.7}% 296
\BOOKMARK [1][-]{section.7.2}{\376\377\0007\000.\0002\000\040\000A\000t\000t\000r\000i\000b\000u\000t\000e\000.\000h}{chapter.7}% 297
\BOOKMARK [1][-]{section.7.3}{\376\377\0007\000.\0003\000\040\000A\000t\000t\000r\000i\000b\000u\000t\000e\000G\000r\000o\000u\000p\000.\000h}{chapter.7}% 298
\BOOKMARK [1][-]{section.7.4}{\376\377\0007\000.\0004\000\040\000A\000t\000t\000r\000i\000b\000u\000t\000e\000L\000a\000y\000o\000u\000t\000.\000h}{chapter.7}% 299
\BOOKMARK [1][-]{section.7.5}{\376\377\0007\000.\0005\000\040\000A\000t\000t\000r\000i\000b\000u\000t\000e\000S\000e\000t\000.\000h}{chapter.7}% 300
\BOOKMARK [1][-]{section.7.6}{\376\377\0007\000.\0006\000\040\000A\000t\000t\000r\000i\000b\000u\000t\000e\000T\000y\000p\000e\000.\000h}{chapter.7}% 301
\BOOKMARK [1][-]{section.7.7}{\376\377\0007\000.\0007\000\040\000A\000t\000t\000r\000i\000b\000u\000t\000e\000W\000i\000d\000g\000e\000t\000s\000.\000h}{chapter.7}% 302
\BOOKMARK [1][-]{section.7.8}{\376\377\0007\000.\0008\000\040\000b\000u\000i\000l\000d\000\137\000t\000h\000e\000m\000e\000s\000.\000h}{chapter.7}% 303
\BOOKMARK [1][-]{section.7.9}{\376\377\0007\000.\0009\000\040\000B\000u\000t\000t\000o\000n\000.\000h}{chapter.7}% 304
\BOOKMARK [1][-]{section.7.10}{\376\377\0007\000.\0001\0000\000\040\000c\000a\000l\000c\000u\000l\000a\000t\000e\000.\000h}{chapter.7}% 305
\BOOKMARK [1][-]{section.7.11}{\376\377\0007\000.\0001\0001\000\040\000C\000o\000l\000o\000r\000C\000o\000n\000t\000r\000o\000l\000.\000h}{chapter.7}% 306
\BOOKMARK [1][-]{section.7.12}{\376\377\0007\000.\0001\0002\000\040\000C\000o\000l\000o\000r\000D\000i\000a\000l\000o\000g\000.\000h}{chapter.7}% 307
\BOOKMARK [1][-]{section.7.13}{\376\377\0007\000.\0001\0003\000\040\000C\000o\000l\000o\000r\000P\000l\000a\000n\000e\000.\000h}{chapter.7}% 308
\BOOKMARK [1][-]{section.7.14}{\376\377\0007\000.\0001\0004\000\040\000C\000o\000m\000b\000o\000b\000o\000x\000.\000h}{chapter.7}% 309
\BOOKMARK [1][-]{section.7.15}{\376\377\0007\000.\0001\0005\000\040\000C\000r\000e\000a\000t\000e\000N\000e\000w\000T\000h\000e\000m\000e\000D\000i\000a\000l\000o\000g\000.\000h}{chapter.7}% 310
\BOOKMARK [1][-]{section.7.16}{\376\377\0007\000.\0001\0006\000\040\000C\000u\000s\000t\000o\000m\000i\000z\000e\000M\000e\000n\000u\000.\000h}{chapter.7}% 311
\BOOKMARK [1][-]{section.7.17}{\376\377\0007\000.\0001\0007\000\040\000C\000u\000s\000t\000o\000m\000i\000z\000e\000P\000a\000n\000e\000l\000.\000h}{chapter.7}% 312
\BOOKMARK [1][-]{section.7.18}{\376\377\0007\000.\0001\0008\000\040\000D\000a\000t\000a\000.\000h}{chapter.7}% 313
\BOOKMARK [1][-]{section.7.19}{\376\377\0007\000.\0001\0009\000\040\000D\000i\000a\000l\000o\000g\000.\000h}{chapter.7}% 314
\BOOKMARK [1][-]{section.7.20}{\376\377\0007\000.\0002\0000\000\040\000d\000i\000r\000e\000c\000t\000o\000r\000i\000e\000s\000.\000h}{chapter.7}% 315
\BOOKMARK [1][-]{section.7.21}{\376\377\0007\000.\0002\0001\000\040\000D\000o\000w\000n\000l\000o\000a\000d\000e\000r\000.\000h}{chapter.7}% 316
\BOOKMARK [1][-]{section.7.22}{\376\377\0007\000.\0002\0002\000\040\000F\000i\000l\000l\000C\000o\000n\000t\000r\000o\000l\000.\000h}{chapter.7}% 317
\BOOKMARK [1][-]{section.7.23}{\376\377\0007\000.\0002\0003\000\040\000G\000i\000t\000H\000u\000b\000R\000e\000p\000o\000.\000h}{chapter.7}% 318
\BOOKMARK [1][-]{section.7.24}{\376\377\0007\000.\0002\0004\000\040\000G\000r\000a\000d\000i\000e\000n\000t\000C\000o\000n\000t\000r\000o\000l\000.\000h}{chapter.7}% 319
\BOOKMARK [1][-]{section.7.25}{\376\377\0007\000.\0002\0005\000\040\000G\000r\000a\000d\000i\000e\000n\000t\000S\000e\000l\000e\000c\000t\000i\000o\000n\000D\000i\000a\000l\000o\000g\000.\000h}{chapter.7}% 320
\BOOKMARK [1][-]{section.7.26}{\376\377\0007\000.\0002\0006\000\040\000G\000r\000a\000p\000h\000i\000c\000.\000h}{chapter.7}% 321
\BOOKMARK [1][-]{section.7.27}{\376\377\0007\000.\0002\0007\000\040\000I\000m\000a\000g\000e\000S\000e\000q\000u\000e\000n\000c\000e\000.\000h}{chapter.7}% 322
\BOOKMARK [1][-]{section.7.28}{\376\377\0007\000.\0002\0008\000\040\000I\000m\000a\000g\000e\000S\000e\000q\000u\000e\000n\000c\000e\000L\000a\000b\000e\000l\000.\000h}{chapter.7}% 323
\BOOKMARK [1][-]{section.7.29}{\376\377\0007\000.\0002\0009\000\040\000L\000a\000b\000e\000l\000.\000h}{chapter.7}% 324
\BOOKMARK [1][-]{section.7.30}{\376\377\0007\000.\0003\0000\000\040\000L\000a\000y\000o\000u\000t\000s\000.\000h}{chapter.7}% 325
\BOOKMARK [1][-]{section.7.31}{\376\377\0007\000.\0003\0001\000\040\000L\000i\000n\000e\000E\000d\000i\000t\000o\000r\000.\000h}{chapter.7}% 326
\BOOKMARK [1][-]{section.7.32}{\376\377\0007\000.\0003\0002\000\040\000M\000e\000n\000u\000.\000h}{chapter.7}% 327
\BOOKMARK [1][-]{section.7.33}{\376\377\0007\000.\0003\0003\000\040\000M\000e\000n\000u\000B\000a\000r\000.\000h}{chapter.7}% 328
\BOOKMARK [1][-]{section.7.34}{\376\377\0007\000.\0003\0004\000\040\000M\000e\000n\000u\000L\000a\000b\000e\000l\000L\000a\000y\000e\000r\000.\000h}{chapter.7}% 329
\BOOKMARK [1][-]{section.7.35}{\376\377\0007\000.\0003\0005\000\040\000M\000i\000n\000i\000S\000l\000i\000d\000e\000r\000.\000h}{chapter.7}% 330
\BOOKMARK [1][-]{section.7.36}{\376\377\0007\000.\0003\0006\000\040\000S\000c\000r\000o\000l\000l\000A\000r\000e\000a\000.\000h}{chapter.7}% 331
\BOOKMARK [1][-]{section.7.37}{\376\377\0007\000.\0003\0007\000\040\000S\000c\000r\000o\000l\000l\000B\000a\000r\000.\000h}{chapter.7}% 332
\BOOKMARK [1][-]{section.7.38}{\376\377\0007\000.\0003\0008\000\040\000S\000e\000t\000t\000i\000n\000g\000s\000M\000e\000n\000u\000.\000h}{chapter.7}% 333
\BOOKMARK [1][-]{section.7.39}{\376\377\0007\000.\0003\0009\000\040\000S\000e\000t\000t\000i\000n\000g\000s\000P\000a\000n\000e\000l\000s\000.\000h}{chapter.7}% 334
\BOOKMARK [1][-]{section.7.40}{\376\377\0007\000.\0004\0000\000\040\000S\000l\000i\000d\000e\000r\000.\000h}{chapter.7}% 335
\BOOKMARK [1][-]{section.7.41}{\376\377\0007\000.\0004\0001\000\040\000S\000V\000G\000.\000h}{chapter.7}% 336
\BOOKMARK [1][-]{section.7.42}{\376\377\0007\000.\0004\0002\000\040\000T\000a\000b\000B\000a\000r\000.\000h}{chapter.7}% 337
\BOOKMARK [1][-]{section.7.43}{\376\377\0007\000.\0004\0003\000\040\000T\000h\000e\000m\000e\000.\000h}{chapter.7}% 338
\BOOKMARK [1][-]{section.7.44}{\376\377\0007\000.\0004\0004\000\040\000t\000h\000e\000m\000e\000\137\000l\000o\000a\000d\000i\000n\000g\000.\000h}{chapter.7}% 339
\BOOKMARK [1][-]{section.7.45}{\376\377\0007\000.\0004\0005\000\040\000T\000h\000e\000m\000e\000a\000b\000l\000e\000.\000h}{chapter.7}% 340
\BOOKMARK [1][-]{section.7.46}{\376\377\0007\000.\0004\0006\000\040\000T\000h\000e\000m\000e\000a\000b\000l\000e\000B\000o\000x\000.\000h}{chapter.7}% 341
\BOOKMARK [1][-]{section.7.47}{\376\377\0007\000.\0004\0007\000\040\000T\000i\000t\000l\000e\000b\000a\000r\000.\000h}{chapter.7}% 342
\BOOKMARK [1][-]{section.7.48}{\376\377\0007\000.\0004\0008\000\040\000T\000o\000g\000g\000l\000e\000S\000w\000i\000t\000c\000h\000.\000h}{chapter.7}% 343
\BOOKMARK [1][-]{section.7.49}{\376\377\0007\000.\0004\0009\000\040\000U\000p\000d\000a\000t\000e\000D\000i\000a\000l\000o\000g\000.\000h}{chapter.7}% 344
\BOOKMARK [1][-]{section.7.50}{\376\377\0007\000.\0005\0000\000\040\000V\000a\000r\000i\000a\000n\000t\000.\000h}{chapter.7}% 345
\BOOKMARK [1][-]{section.7.51}{\376\377\0007\000.\0005\0001\000\040\000V\000e\000r\000s\000i\000o\000n\000.\000h}{chapter.7}% 346
\BOOKMARK [1][-]{section.7.52}{\376\377\0007\000.\0005\0002\000\040\000W\000i\000d\000g\000e\000t\000.\000h}{chapter.7}% 347
\BOOKMARK [1][-]{section.7.53}{\376\377\0007\000.\0005\0003\000\040\000W\000i\000n\000d\000o\000w\000.\000h}{chapter.7}% 348
\BOOKMARK [0][-]{section*.272}{\376\377\000I\000n\000d\000e\000x}{}% 349
